# Logfile created on 2014-05-02 14:27:15 -0400 by logger.rb/41954
I, [2014-05-02T14:27:15.879658 #4995]  INFO -- : 0:  rake (10.1.1) from /opt/rbenv/versions/2.0.0-p353/lib/ruby/gems/2.0.0/specifications/rake-10.1.1.gemspec
I, [2014-05-02T14:27:15.890084 #4995]  INFO -- : 0:  i18n (0.6.9) from /opt/rbenv/versions/2.0.0-p353/lib/ruby/gems/2.0.0/specifications/i18n-0.6.9.gemspec
I, [2014-05-02T14:27:15.895914 #4995]  INFO -- : 0:  minitest (4.7.5) from /opt/rbenv/versions/2.0.0-p353/lib/ruby/gems/2.0.0/specifications/minitest-4.7.5.gemspec
I, [2014-05-02T14:27:15.900537 #4995]  INFO -- : 0:  multi_json (1.8.4) from /opt/rbenv/versions/2.0.0-p353/lib/ruby/gems/2.0.0/specifications/multi_json-1.8.4.gemspec
I, [2014-05-02T14:27:15.906526 #4995]  INFO -- : 0:  atomic (1.1.15) from /opt/rbenv/versions/2.0.0-p353/lib/ruby/gems/2.0.0/specifications/atomic-1.1.15.gemspec
I, [2014-05-02T14:27:15.911144 #4995]  INFO -- : 0:  thread_safe (0.2.0) from /opt/rbenv/versions/2.0.0-p353/lib/ruby/gems/2.0.0/specifications/thread_safe-0.2.0.gemspec
I, [2014-05-02T14:27:15.915214 #4995]  INFO -- : 0:  tzinfo (0.3.38) from /opt/rbenv/versions/2.0.0-p353/lib/ruby/gems/2.0.0/specifications/tzinfo-0.3.38.gemspec
I, [2014-05-02T14:27:15.921201 #4995]  INFO -- : 0:  activesupport (4.0.3) from /opt/rbenv/versions/2.0.0-p353/lib/ruby/gems/2.0.0/specifications/activesupport-4.0.3.gemspec
I, [2014-05-02T14:27:15.927405 #4995]  INFO -- : 0:  builder (3.1.4) from /opt/rbenv/versions/2.0.0-p353/lib/ruby/gems/2.0.0/specifications/builder-3.1.4.gemspec
I, [2014-05-02T14:27:15.934296 #4995]  INFO -- : 0:  erubis (2.7.0) from /opt/rbenv/versions/2.0.0-p353/lib/ruby/gems/2.0.0/specifications/erubis-2.7.0.gemspec
I, [2014-05-02T14:27:15.939156 #4995]  INFO -- : 0:  rack (1.5.2) from /opt/rbenv/versions/2.0.0-p353/lib/ruby/gems/2.0.0/specifications/rack-1.5.2.gemspec
I, [2014-05-02T14:27:15.944058 #4995]  INFO -- : 0:  rack-test (0.6.2) from /opt/rbenv/versions/2.0.0-p353/lib/ruby/gems/2.0.0/specifications/rack-test-0.6.2.gemspec
I, [2014-05-02T14:27:15.948077 #4995]  INFO -- : 0:  actionpack (4.0.3) from /opt/rbenv/versions/2.0.0-p353/lib/ruby/gems/2.0.0/specifications/actionpack-4.0.3.gemspec
I, [2014-05-02T14:27:15.953920 #4995]  INFO -- : 0:  mime-types (1.25.1) from /opt/rbenv/versions/2.0.0-p353/lib/ruby/gems/2.0.0/specifications/mime-types-1.25.1.gemspec
I, [2014-05-02T14:27:15.960975 #4995]  INFO -- : 0:  polyglot (0.3.4) from /opt/rbenv/versions/2.0.0-p353/lib/ruby/gems/2.0.0/specifications/polyglot-0.3.4.gemspec
I, [2014-05-02T14:27:15.967186 #4995]  INFO -- : 0:  treetop (1.4.15) from /opt/rbenv/versions/2.0.0-p353/lib/ruby/gems/2.0.0/specifications/treetop-1.4.15.gemspec
I, [2014-05-02T14:27:15.972854 #4995]  INFO -- : 0:  mail (2.5.4) from /opt/rbenv/versions/2.0.0-p353/lib/ruby/gems/2.0.0/specifications/mail-2.5.4.gemspec
I, [2014-05-02T14:27:15.978018 #4995]  INFO -- : 0:  actionmailer (4.0.3) from /opt/rbenv/versions/2.0.0-p353/lib/ruby/gems/2.0.0/specifications/actionmailer-4.0.3.gemspec
I, [2014-05-02T14:27:15.982684 #4995]  INFO -- : 0:  activemodel (4.0.3) from /opt/rbenv/versions/2.0.0-p353/lib/ruby/gems/2.0.0/specifications/activemodel-4.0.3.gemspec
I, [2014-05-02T14:27:15.988180 #4995]  INFO -- : 0:  activerecord-deprecated_finders (1.0.3) from /opt/rbenv/versions/2.0.0-p353/lib/ruby/gems/2.0.0/specifications/activerecord-deprecated_finders-1.0.3.gemspec
I, [2014-05-02T14:27:16.010931 #4995]  INFO -- : 0:  arel (4.0.2) from /opt/rbenv/versions/2.0.0-p353/lib/ruby/gems/2.0.0/specifications/arel-4.0.2.gemspec
I, [2014-05-02T14:27:16.016988 #4995]  INFO -- : 0:  activerecord (4.0.3) from /opt/rbenv/versions/2.0.0-p353/lib/ruby/gems/2.0.0/specifications/activerecord-4.0.3.gemspec
I, [2014-05-02T14:27:16.021902 #4995]  INFO -- : 0:  addressable (2.3.3) from /opt/rbenv/versions/2.0.0-p353/lib/ruby/gems/2.0.0/specifications/addressable-2.3.3.gemspec
I, [2014-05-02T14:27:16.028112 #4995]  INFO -- : 0:  ansi (1.4.3) from /opt/rbenv/versions/2.0.0-p353/lib/ruby/gems/2.0.0/specifications/ansi-1.4.3.gemspec
I, [2014-05-02T14:27:16.034142 #4995]  INFO -- : 0:  bcrypt (3.1.7) from /opt/rbenv/versions/2.0.0-p353/lib/ruby/gems/2.0.0/specifications/bcrypt-3.1.7.gemspec
I, [2014-05-02T14:27:16.039512 #4995]  INFO -- : 0:  bcrypt-ruby (3.1.5) from /opt/rbenv/versions/2.0.0-p353/lib/ruby/gems/2.0.0/specifications/bcrypt-ruby-3.1.5.gemspec
I, [2014-05-02T14:27:16.045818 #4995]  INFO -- : 0:  coderay (1.1.0) from /opt/rbenv/versions/2.0.0-p353/lib/ruby/gems/2.0.0/specifications/coderay-1.1.0.gemspec
I, [2014-05-02T14:27:16.051597 #4995]  INFO -- : 0:  better_errors (1.1.0) from /opt/rbenv/versions/2.0.0-p353/lib/ruby/gems/2.0.0/specifications/better_errors-1.1.0.gemspec
I, [2014-05-02T14:27:16.058072 #4995]  INFO -- : 0:  debug_inspector (0.0.2) from /opt/rbenv/versions/2.0.0-p353/lib/ruby/gems/2.0.0/specifications/debug_inspector-0.0.2.gemspec
I, [2014-05-02T14:27:16.064621 #4995]  INFO -- : 0:  binding_of_caller (0.7.2) from /opt/rbenv/versions/2.0.0-p353/lib/ruby/gems/2.0.0/specifications/binding_of_caller-0.7.2.gemspec
I, [2014-05-02T14:27:16.067750 #4995]  INFO -- : 0:  callsite (0.0.11) from /opt/rbenv/versions/2.0.0-p353/lib/ruby/gems/2.0.0/specifications/callsite-0.0.11.gemspec
I, [2014-05-02T14:27:16.100945 #4995]  INFO -- : 0:  mini_portile (0.5.2) from /opt/rbenv/versions/2.0.0-p353/lib/ruby/gems/2.0.0/specifications/mini_portile-0.5.2.gemspec
I, [2014-05-02T14:27:16.107887 #4995]  INFO -- : 0:  nokogiri (1.6.1) from /opt/rbenv/versions/2.0.0-p353/lib/ruby/gems/2.0.0/specifications/nokogiri-1.6.1.gemspec
I, [2014-05-02T14:27:16.112660 #4995]  INFO -- : 0:  xpath (2.0.0) from /opt/rbenv/versions/2.0.0-p353/lib/ruby/gems/2.0.0/specifications/xpath-2.0.0.gemspec
I, [2014-05-02T14:27:16.118949 #4995]  INFO -- : 0:  capybara (2.2.1) from /opt/rbenv/versions/2.0.0-p353/lib/ruby/gems/2.0.0/specifications/capybara-2.2.1.gemspec
I, [2014-05-02T14:27:16.125854 #4995]  INFO -- : 0:  json (1.8.1) from /opt/rbenv/versions/2.0.0-p353/lib/ruby/gems/2.0.0/specifications/json-1.8.1.gemspec
I, [2014-05-02T14:27:16.132931 #4995]  INFO -- : 0:  carrierwave (0.10.0) from /opt/rbenv/versions/2.0.0-p353/lib/ruby/gems/2.0.0/specifications/carrierwave-0.10.0.gemspec
I, [2014-05-02T14:27:16.137225 #4995]  INFO -- : 0:  coffee-script-source (1.7.0) from /opt/rbenv/versions/2.0.0-p353/lib/ruby/gems/2.0.0/specifications/coffee-script-source-1.7.0.gemspec
I, [2014-05-02T14:27:16.142381 #4995]  INFO -- : 0:  execjs (2.0.2) from /opt/rbenv/versions/2.0.0-p353/lib/ruby/gems/2.0.0/specifications/execjs-2.0.2.gemspec
I, [2014-05-02T14:27:16.148954 #4995]  INFO -- : 0:  coffee-script (2.2.0) from /opt/rbenv/versions/2.0.0-p353/lib/ruby/gems/2.0.0/specifications/coffee-script-2.2.0.gemspec
I, [2014-05-02T14:27:16.153287 #4995]  INFO -- : 0:  thor (0.18.1) from /opt/rbenv/versions/2.0.0-p353/lib/ruby/gems/2.0.0/specifications/thor-0.18.1.gemspec
I, [2014-05-02T14:27:16.157002 #4995]  INFO -- : 0:  railties (4.0.3) from /opt/rbenv/versions/2.0.0-p353/lib/ruby/gems/2.0.0/specifications/railties-4.0.3.gemspec
I, [2014-05-02T14:27:16.161684 #4995]  INFO -- : 0:  coffee-rails (4.0.1) from /opt/rbenv/versions/2.0.0-p353/lib/ruby/gems/2.0.0/specifications/coffee-rails-4.0.1.gemspec
I, [2014-05-02T14:27:16.167739 #4995]  INFO -- : 0:  diff-lcs (1.2.5) from /opt/rbenv/versions/2.0.0-p353/lib/ruby/gems/2.0.0/specifications/diff-lcs-1.2.5.gemspec
I, [2014-05-02T14:27:16.173321 #4995]  INFO -- : 0:  gherkin (2.12.2) from /opt/rbenv/versions/2.0.0-p353/lib/ruby/gems/2.0.0/specifications/gherkin-2.12.2.gemspec
I, [2014-05-02T14:27:16.179562 #4995]  INFO -- : 0:  multi_test (0.0.3) from /opt/rbenv/versions/2.0.0-p353/lib/ruby/gems/2.0.0/specifications/multi_test-0.0.3.gemspec
I, [2014-05-02T14:27:16.185407 #4995]  INFO -- : 0:  cucumber (1.3.10) from /opt/rbenv/versions/2.0.0-p353/lib/ruby/gems/2.0.0/specifications/cucumber-1.3.10.gemspec
I, [2014-05-02T14:27:16.192844 #4995]  INFO -- : 0:  bundler (1.5.1) from /opt/rbenv/versions/2.0.0-p353/lib/ruby/gems/2.0.0/specifications/bundler-1.5.1.gemspec
I, [2014-05-02T14:27:16.200711 #4995]  INFO -- : 0:  hike (1.2.3) from /opt/rbenv/versions/2.0.0-p353/lib/ruby/gems/2.0.0/specifications/hike-1.2.3.gemspec
I, [2014-05-02T14:27:16.206163 #4995]  INFO -- : 0:  tilt (1.4.1) from /opt/rbenv/versions/2.0.0-p353/lib/ruby/gems/2.0.0/specifications/tilt-1.4.1.gemspec
I, [2014-05-02T14:27:16.212593 #4995]  INFO -- : 0:  sprockets (2.11.0) from /opt/rbenv/versions/2.0.0-p353/lib/ruby/gems/2.0.0/specifications/sprockets-2.11.0.gemspec
I, [2014-05-02T14:27:16.216771 #4995]  INFO -- : 0:  sprockets-rails (2.0.1) from /opt/rbenv/versions/2.0.0-p353/lib/ruby/gems/2.0.0/specifications/sprockets-rails-2.0.1.gemspec
I, [2014-05-02T14:27:16.224205 #4995]  INFO -- : 0:  rails (4.0.3) from /opt/rbenv/versions/2.0.0-p353/lib/ruby/gems/2.0.0/specifications/rails-4.0.3.gemspec
I, [2014-05-02T14:27:16.229738 #4995]  INFO -- : 0:  cucumber-rails (1.4.0) from /opt/rbenv/versions/2.0.0-p353/lib/ruby/gems/2.0.0/specifications/cucumber-rails-1.4.0.gemspec
I, [2014-05-02T14:27:16.234719 #4995]  INFO -- : 0:  daemons (1.1.9) from /opt/rbenv/versions/2.0.0-p353/lib/ruby/gems/2.0.0/specifications/daemons-1.1.9.gemspec
I, [2014-05-02T14:27:16.241088 #4995]  INFO -- : 0:  database_cleaner (1.2.0) from /opt/rbenv/versions/2.0.0-p353/lib/ruby/gems/2.0.0/specifications/database_cleaner-1.2.0.gemspec
I, [2014-05-02T14:27:16.246451 #4995]  INFO -- : 0:  docile (1.1.3) from /opt/rbenv/versions/2.0.0-p353/lib/ruby/gems/2.0.0/specifications/docile-1.1.3.gemspec
I, [2014-05-02T14:27:16.251320 #4995]  INFO -- : 0:  eventmachine (1.0.3) from /opt/rbenv/versions/2.0.0-p353/lib/ruby/gems/2.0.0/specifications/eventmachine-1.0.3.gemspec
I, [2014-05-02T14:27:16.255182 #4995]  INFO -- : 0:  factory_girl (4.4.0) from /opt/rbenv/versions/2.0.0-p353/lib/ruby/gems/2.0.0/specifications/factory_girl-4.4.0.gemspec
I, [2014-05-02T14:27:16.259902 #4995]  INFO -- : 0:  factory_girl_rails (4.4.1) from /opt/rbenv/versions/2.0.0-p353/lib/ruby/gems/2.0.0/specifications/factory_girl_rails-4.4.1.gemspec
I, [2014-05-02T14:27:16.263581 #4995]  INFO -- : 0:  faker (1.2.0) from /opt/rbenv/versions/2.0.0-p353/lib/ruby/gems/2.0.0/specifications/faker-1.2.0.gemspec
I, [2014-05-02T14:27:16.267982 #4995]  INFO -- : 0:  sass (3.2.14) from /opt/rbenv/versions/2.0.0-p353/lib/ruby/gems/2.0.0/specifications/sass-3.2.14.gemspec
I, [2014-05-02T14:27:16.273622 #4995]  INFO -- : 0:  foundation-rails (5.1.1.0) from /opt/rbenv/versions/2.0.0-p353/lib/ruby/gems/2.0.0/specifications/foundation-rails-5.1.1.0.gemspec
I, [2014-05-02T14:27:16.277283 #4995]  INFO -- : 0:  geocoder (1.1.9) from /opt/rbenv/versions/2.0.0-p353/lib/ruby/gems/2.0.0/specifications/geocoder-1.1.9.gemspec
I, [2014-05-02T14:27:16.282189 #4995]  INFO -- : 0:  hirb (0.7.1) from /opt/rbenv/versions/2.0.0-p353/lib/ruby/gems/2.0.0/specifications/hirb-0.7.1.gemspec
I, [2014-05-02T14:27:16.288076 #4995]  INFO -- : 0:  jbuilder (1.5.3) from /opt/rbenv/versions/2.0.0-p353/lib/ruby/gems/2.0.0/specifications/jbuilder-1.5.3.gemspec
I, [2014-05-02T14:27:16.294535 #4995]  INFO -- : 0:  jquery-rails (3.1.0) from /opt/rbenv/versions/2.0.0-p353/lib/ruby/gems/2.0.0/specifications/jquery-rails-3.1.0.gemspec
I, [2014-05-02T14:27:16.299455 #4995]  INFO -- : 0:  launchy (2.2.0) from /opt/rbenv/versions/2.0.0-p353/lib/ruby/gems/2.0.0/specifications/launchy-2.2.0.gemspec
I, [2014-05-02T14:27:16.303552 #4995]  INFO -- : 0:  rack-contrib (1.1.0) from /opt/rbenv/versions/2.0.0-p353/lib/ruby/gems/2.0.0/specifications/rack-contrib-1.1.0.gemspec
I, [2014-05-02T14:27:16.309050 #4995]  INFO -- : 0:  meta_request (0.2.8) from /opt/rbenv/versions/2.0.0-p353/lib/ruby/gems/2.0.0/specifications/meta_request-0.2.8.gemspec
I, [2014-05-02T14:27:16.314256 #4995]  INFO -- : 0:  metaclass (0.0.4) from /opt/rbenv/versions/2.0.0-p353/lib/ruby/gems/2.0.0/specifications/metaclass-0.0.4.gemspec
I, [2014-05-02T14:27:16.322147 #4995]  INFO -- : 0:  mocha (1.0.0) from /opt/rbenv/versions/2.0.0-p353/lib/ruby/gems/2.0.0/specifications/mocha-1.0.0.gemspec
I, [2014-05-02T14:27:16.325886 #4995]  INFO -- : 0:  quiet_assets (1.0.2) from /opt/rbenv/versions/2.0.0-p353/lib/ruby/gems/2.0.0/specifications/quiet_assets-1.0.2.gemspec
I, [2014-05-02T14:27:16.329148 #4995]  INFO -- : 0:  rdoc (4.1.1) from /opt/rbenv/versions/2.0.0-p353/lib/ruby/gems/2.0.0/specifications/rdoc-4.1.1.gemspec
I, [2014-05-02T14:27:16.332049 #4995]  INFO -- : 0:  sass-rails (4.0.1) from /opt/rbenv/versions/2.0.0-p353/lib/ruby/gems/2.0.0/specifications/sass-rails-4.0.1.gemspec
I, [2014-05-02T14:27:16.336252 #4995]  INFO -- : 0:  sdoc (0.4.0) from /opt/rbenv/versions/2.0.0-p353/lib/ruby/gems/2.0.0/specifications/sdoc-0.4.0.gemspec
I, [2014-05-02T14:27:16.338712 #4995]  INFO -- : 0:  shoulda-context (1.1.6) from /opt/rbenv/versions/2.0.0-p353/lib/ruby/gems/2.0.0/specifications/shoulda-context-1.1.6.gemspec
I, [2014-05-02T14:27:16.342902 #4995]  INFO -- : 0:  shoulda-matchers (2.5.0) from /opt/rbenv/versions/2.0.0-p353/lib/ruby/gems/2.0.0/specifications/shoulda-matchers-2.5.0.gemspec
I, [2014-05-02T14:27:16.347461 #4995]  INFO -- : 0:  shoulda (3.5.0) from /opt/rbenv/versions/2.0.0-p353/lib/ruby/gems/2.0.0/specifications/shoulda-3.5.0.gemspec
I, [2014-05-02T14:27:16.351814 #4995]  INFO -- : 0:  simple_form (3.0.1) from /opt/rbenv/versions/2.0.0-p353/lib/ruby/gems/2.0.0/specifications/simple_form-3.0.1.gemspec
I, [2014-05-02T14:27:16.357046 #4995]  INFO -- : 0:  simplecov-html (0.8.0) from /opt/rbenv/versions/2.0.0-p353/lib/ruby/gems/2.0.0/specifications/simplecov-html-0.8.0.gemspec
I, [2014-05-02T14:27:16.360870 #4995]  INFO -- : 0:  simplecov (0.8.2) from /opt/rbenv/versions/2.0.0-p353/lib/ruby/gems/2.0.0/specifications/simplecov-0.8.2.gemspec
I, [2014-05-02T14:27:16.364103 #4995]  INFO -- : 0:  single_test (0.6.0) from /opt/rbenv/versions/2.0.0-p353/lib/ruby/gems/2.0.0/specifications/single_test-0.6.0.gemspec
I, [2014-05-02T14:27:16.369467 #4995]  INFO -- : 0:  sqlite3 (1.3.9) from /opt/rbenv/versions/2.0.0-p353/lib/ruby/gems/2.0.0/specifications/sqlite3-1.3.9.gemspec
I, [2014-05-02T14:27:16.373874 #4995]  INFO -- : 0:  thin (1.6.1) from /opt/rbenv/versions/2.0.0-p353/lib/ruby/gems/2.0.0/specifications/thin-1.6.1.gemspec
I, [2014-05-02T14:27:16.378626 #4995]  INFO -- : 0:  timeliness (0.3.7) from /opt/rbenv/versions/2.0.0-p353/lib/ruby/gems/2.0.0/specifications/timeliness-0.3.7.gemspec
I, [2014-05-02T14:27:16.383767 #4995]  INFO -- : 0:  turn (0.9.6) from /opt/rbenv/versions/2.0.0-p353/lib/ruby/gems/2.0.0/specifications/turn-0.9.6.gemspec
I, [2014-05-02T14:27:16.387811 #4995]  INFO -- : 0:  uglifier (2.4.0) from /opt/rbenv/versions/2.0.0-p353/lib/ruby/gems/2.0.0/specifications/uglifier-2.4.0.gemspec
I, [2014-05-02T14:27:16.392639 #4995]  INFO -- : 0:  validates_timeliness (3.0.14) from /opt/rbenv/versions/2.0.0-p353/lib/ruby/gems/2.0.0/specifications/validates_timeliness-3.0.14.gemspec
I, [2014-05-02T14:27:16.395532 #4995]  INFO -- : 0:  will_paginate (3.0.5) from /opt/rbenv/versions/2.0.0-p353/lib/ruby/gems/2.0.0/specifications/will_paginate-3.0.5.gemspec
I, [2014-05-02T14:27:16.398370 #4995]  INFO -- : 0:  wirble (0.1.3) from /opt/rbenv/versions/2.0.0-p353/lib/ruby/gems/2.0.0/specifications/wirble-0.1.3.gemspec
I, [2014-05-02T14:37:14.142035 #5180]  INFO -- : 0:  rake (10.1.1) from /opt/rbenv/versions/2.0.0-p353/lib/ruby/gems/2.0.0/specifications/rake-10.1.1.gemspec
I, [2014-05-02T14:37:14.146269 #5180]  INFO -- : 0:  i18n (0.6.9) from /opt/rbenv/versions/2.0.0-p353/lib/ruby/gems/2.0.0/specifications/i18n-0.6.9.gemspec
I, [2014-05-02T14:37:14.154277 #5180]  INFO -- : 0:  minitest (4.7.5) from /opt/rbenv/versions/2.0.0-p353/lib/ruby/gems/2.0.0/specifications/minitest-4.7.5.gemspec
I, [2014-05-02T14:37:14.159848 #5180]  INFO -- : 0:  multi_json (1.8.4) from /opt/rbenv/versions/2.0.0-p353/lib/ruby/gems/2.0.0/specifications/multi_json-1.8.4.gemspec
I, [2014-05-02T14:37:14.164823 #5180]  INFO -- : 0:  atomic (1.1.15) from /opt/rbenv/versions/2.0.0-p353/lib/ruby/gems/2.0.0/specifications/atomic-1.1.15.gemspec
I, [2014-05-02T14:37:14.169480 #5180]  INFO -- : 0:  thread_safe (0.2.0) from /opt/rbenv/versions/2.0.0-p353/lib/ruby/gems/2.0.0/specifications/thread_safe-0.2.0.gemspec
I, [2014-05-02T14:37:14.172762 #5180]  INFO -- : 0:  tzinfo (0.3.38) from /opt/rbenv/versions/2.0.0-p353/lib/ruby/gems/2.0.0/specifications/tzinfo-0.3.38.gemspec
I, [2014-05-02T14:37:14.181540 #5180]  INFO -- : 0:  activesupport (4.0.3) from /opt/rbenv/versions/2.0.0-p353/lib/ruby/gems/2.0.0/specifications/activesupport-4.0.3.gemspec
I, [2014-05-02T14:37:14.185770 #5180]  INFO -- : 0:  builder (3.1.4) from /opt/rbenv/versions/2.0.0-p353/lib/ruby/gems/2.0.0/specifications/builder-3.1.4.gemspec
I, [2014-05-02T14:37:14.190346 #5180]  INFO -- : 0:  erubis (2.7.0) from /opt/rbenv/versions/2.0.0-p353/lib/ruby/gems/2.0.0/specifications/erubis-2.7.0.gemspec
I, [2014-05-02T14:37:14.195040 #5180]  INFO -- : 0:  rack (1.5.2) from /opt/rbenv/versions/2.0.0-p353/lib/ruby/gems/2.0.0/specifications/rack-1.5.2.gemspec
I, [2014-05-02T14:37:14.200187 #5180]  INFO -- : 0:  rack-test (0.6.2) from /opt/rbenv/versions/2.0.0-p353/lib/ruby/gems/2.0.0/specifications/rack-test-0.6.2.gemspec
I, [2014-05-02T14:37:14.205483 #5180]  INFO -- : 0:  actionpack (4.0.3) from /opt/rbenv/versions/2.0.0-p353/lib/ruby/gems/2.0.0/specifications/actionpack-4.0.3.gemspec
I, [2014-05-02T14:37:14.210443 #5180]  INFO -- : 0:  mime-types (1.25.1) from /opt/rbenv/versions/2.0.0-p353/lib/ruby/gems/2.0.0/specifications/mime-types-1.25.1.gemspec
I, [2014-05-02T14:37:14.214705 #5180]  INFO -- : 0:  polyglot (0.3.4) from /opt/rbenv/versions/2.0.0-p353/lib/ruby/gems/2.0.0/specifications/polyglot-0.3.4.gemspec
I, [2014-05-02T14:37:14.219921 #5180]  INFO -- : 0:  treetop (1.4.15) from /opt/rbenv/versions/2.0.0-p353/lib/ruby/gems/2.0.0/specifications/treetop-1.4.15.gemspec
I, [2014-05-02T14:37:14.224175 #5180]  INFO -- : 0:  mail (2.5.4) from /opt/rbenv/versions/2.0.0-p353/lib/ruby/gems/2.0.0/specifications/mail-2.5.4.gemspec
I, [2014-05-02T14:37:14.230065 #5180]  INFO -- : 0:  actionmailer (4.0.3) from /opt/rbenv/versions/2.0.0-p353/lib/ruby/gems/2.0.0/specifications/actionmailer-4.0.3.gemspec
I, [2014-05-02T14:37:14.235097 #5180]  INFO -- : 0:  activemodel (4.0.3) from /opt/rbenv/versions/2.0.0-p353/lib/ruby/gems/2.0.0/specifications/activemodel-4.0.3.gemspec
I, [2014-05-02T14:37:14.241571 #5180]  INFO -- : 0:  activerecord-deprecated_finders (1.0.3) from /opt/rbenv/versions/2.0.0-p353/lib/ruby/gems/2.0.0/specifications/activerecord-deprecated_finders-1.0.3.gemspec
I, [2014-05-02T14:37:14.246617 #5180]  INFO -- : 0:  arel (4.0.2) from /opt/rbenv/versions/2.0.0-p353/lib/ruby/gems/2.0.0/specifications/arel-4.0.2.gemspec
I, [2014-05-02T14:37:14.251500 #5180]  INFO -- : 0:  activerecord (4.0.3) from /opt/rbenv/versions/2.0.0-p353/lib/ruby/gems/2.0.0/specifications/activerecord-4.0.3.gemspec
I, [2014-05-02T14:37:14.255965 #5180]  INFO -- : 0:  addressable (2.3.3) from /opt/rbenv/versions/2.0.0-p353/lib/ruby/gems/2.0.0/specifications/addressable-2.3.3.gemspec
I, [2014-05-02T14:37:14.261466 #5180]  INFO -- : 0:  ansi (1.4.3) from /opt/rbenv/versions/2.0.0-p353/lib/ruby/gems/2.0.0/specifications/ansi-1.4.3.gemspec
I, [2014-05-02T14:37:14.266310 #5180]  INFO -- : 0:  bcrypt (3.1.7) from /opt/rbenv/versions/2.0.0-p353/lib/ruby/gems/2.0.0/specifications/bcrypt-3.1.7.gemspec
I, [2014-05-02T14:37:14.271081 #5180]  INFO -- : 0:  bcrypt-ruby (3.1.5) from /opt/rbenv/versions/2.0.0-p353/lib/ruby/gems/2.0.0/specifications/bcrypt-ruby-3.1.5.gemspec
I, [2014-05-02T14:37:14.276519 #5180]  INFO -- : 0:  coderay (1.1.0) from /opt/rbenv/versions/2.0.0-p353/lib/ruby/gems/2.0.0/specifications/coderay-1.1.0.gemspec
I, [2014-05-02T14:37:14.280785 #5180]  INFO -- : 0:  better_errors (1.1.0) from /opt/rbenv/versions/2.0.0-p353/lib/ruby/gems/2.0.0/specifications/better_errors-1.1.0.gemspec
I, [2014-05-02T14:37:14.284210 #5180]  INFO -- : 0:  debug_inspector (0.0.2) from /opt/rbenv/versions/2.0.0-p353/lib/ruby/gems/2.0.0/specifications/debug_inspector-0.0.2.gemspec
I, [2014-05-02T14:37:14.288745 #5180]  INFO -- : 0:  binding_of_caller (0.7.2) from /opt/rbenv/versions/2.0.0-p353/lib/ruby/gems/2.0.0/specifications/binding_of_caller-0.7.2.gemspec
I, [2014-05-02T14:37:14.293572 #5180]  INFO -- : 0:  bundler (1.5.1) from /opt/rbenv/versions/2.0.0-p353/lib/ruby/gems/2.0.0/specifications/bundler-1.5.1.gemspec
I, [2014-05-02T14:37:14.298554 #5180]  INFO -- : 0:  callsite (0.0.11) from /opt/rbenv/versions/2.0.0-p353/lib/ruby/gems/2.0.0/specifications/callsite-0.0.11.gemspec
I, [2014-05-02T14:37:14.302807 #5180]  INFO -- : 0:  cancancan (1.7.0) from /opt/rbenv/versions/2.0.0-p353/lib/ruby/gems/2.0.0/specifications/cancancan-1.7.0.gemspec
I, [2014-05-02T14:37:14.307807 #5180]  INFO -- : 0:  mini_portile (0.5.2) from /opt/rbenv/versions/2.0.0-p353/lib/ruby/gems/2.0.0/specifications/mini_portile-0.5.2.gemspec
I, [2014-05-02T14:37:14.313206 #5180]  INFO -- : 0:  nokogiri (1.6.1) from /opt/rbenv/versions/2.0.0-p353/lib/ruby/gems/2.0.0/specifications/nokogiri-1.6.1.gemspec
I, [2014-05-02T14:37:14.317680 #5180]  INFO -- : 0:  xpath (2.0.0) from /opt/rbenv/versions/2.0.0-p353/lib/ruby/gems/2.0.0/specifications/xpath-2.0.0.gemspec
I, [2014-05-02T14:37:14.322714 #5180]  INFO -- : 0:  capybara (2.2.1) from /opt/rbenv/versions/2.0.0-p353/lib/ruby/gems/2.0.0/specifications/capybara-2.2.1.gemspec
I, [2014-05-02T14:37:14.327032 #5180]  INFO -- : 0:  json (1.8.1) from /opt/rbenv/versions/2.0.0-p353/lib/ruby/gems/2.0.0/specifications/json-1.8.1.gemspec
I, [2014-05-02T14:37:14.330973 #5180]  INFO -- : 0:  carrierwave (0.10.0) from /opt/rbenv/versions/2.0.0-p353/lib/ruby/gems/2.0.0/specifications/carrierwave-0.10.0.gemspec
I, [2014-05-02T14:37:14.338685 #5180]  INFO -- : 0:  coffee-script-source (1.7.0) from /opt/rbenv/versions/2.0.0-p353/lib/ruby/gems/2.0.0/specifications/coffee-script-source-1.7.0.gemspec
I, [2014-05-02T14:37:14.353980 #5180]  INFO -- : 0:  execjs (2.0.2) from /opt/rbenv/versions/2.0.0-p353/lib/ruby/gems/2.0.0/specifications/execjs-2.0.2.gemspec
I, [2014-05-02T14:37:14.357825 #5180]  INFO -- : 0:  coffee-script (2.2.0) from /opt/rbenv/versions/2.0.0-p353/lib/ruby/gems/2.0.0/specifications/coffee-script-2.2.0.gemspec
I, [2014-05-02T14:37:14.362214 #5180]  INFO -- : 0:  thor (0.18.1) from /opt/rbenv/versions/2.0.0-p353/lib/ruby/gems/2.0.0/specifications/thor-0.18.1.gemspec
I, [2014-05-02T14:37:14.368888 #5180]  INFO -- : 0:  railties (4.0.3) from /opt/rbenv/versions/2.0.0-p353/lib/ruby/gems/2.0.0/specifications/railties-4.0.3.gemspec
I, [2014-05-02T14:37:14.374857 #5180]  INFO -- : 0:  coffee-rails (4.0.1) from /opt/rbenv/versions/2.0.0-p353/lib/ruby/gems/2.0.0/specifications/coffee-rails-4.0.1.gemspec
I, [2014-05-02T14:37:14.379752 #5180]  INFO -- : 0:  diff-lcs (1.2.5) from /opt/rbenv/versions/2.0.0-p353/lib/ruby/gems/2.0.0/specifications/diff-lcs-1.2.5.gemspec
I, [2014-05-02T14:37:14.385712 #5180]  INFO -- : 0:  gherkin (2.12.2) from /opt/rbenv/versions/2.0.0-p353/lib/ruby/gems/2.0.0/specifications/gherkin-2.12.2.gemspec
I, [2014-05-02T14:37:14.390326 #5180]  INFO -- : 0:  multi_test (0.0.3) from /opt/rbenv/versions/2.0.0-p353/lib/ruby/gems/2.0.0/specifications/multi_test-0.0.3.gemspec
I, [2014-05-02T14:37:14.396688 #5180]  INFO -- : 0:  cucumber (1.3.10) from /opt/rbenv/versions/2.0.0-p353/lib/ruby/gems/2.0.0/specifications/cucumber-1.3.10.gemspec
I, [2014-05-02T14:37:14.403195 #5180]  INFO -- : 0:  hike (1.2.3) from /opt/rbenv/versions/2.0.0-p353/lib/ruby/gems/2.0.0/specifications/hike-1.2.3.gemspec
I, [2014-05-02T14:37:14.410238 #5180]  INFO -- : 0:  tilt (1.4.1) from /opt/rbenv/versions/2.0.0-p353/lib/ruby/gems/2.0.0/specifications/tilt-1.4.1.gemspec
I, [2014-05-02T14:37:14.417051 #5180]  INFO -- : 0:  sprockets (2.11.0) from /opt/rbenv/versions/2.0.0-p353/lib/ruby/gems/2.0.0/specifications/sprockets-2.11.0.gemspec
I, [2014-05-02T14:37:14.420454 #5180]  INFO -- : 0:  sprockets-rails (2.0.1) from /opt/rbenv/versions/2.0.0-p353/lib/ruby/gems/2.0.0/specifications/sprockets-rails-2.0.1.gemspec
I, [2014-05-02T14:37:14.426325 #5180]  INFO -- : 0:  rails (4.0.3) from /opt/rbenv/versions/2.0.0-p353/lib/ruby/gems/2.0.0/specifications/rails-4.0.3.gemspec
I, [2014-05-02T14:37:14.432910 #5180]  INFO -- : 0:  cucumber-rails (1.4.0) from /opt/rbenv/versions/2.0.0-p353/lib/ruby/gems/2.0.0/specifications/cucumber-rails-1.4.0.gemspec
I, [2014-05-02T14:37:14.438012 #5180]  INFO -- : 0:  daemons (1.1.9) from /opt/rbenv/versions/2.0.0-p353/lib/ruby/gems/2.0.0/specifications/daemons-1.1.9.gemspec
I, [2014-05-02T14:37:14.445215 #5180]  INFO -- : 0:  database_cleaner (1.2.0) from /opt/rbenv/versions/2.0.0-p353/lib/ruby/gems/2.0.0/specifications/database_cleaner-1.2.0.gemspec
I, [2014-05-02T14:37:14.451541 #5180]  INFO -- : 0:  docile (1.1.3) from /opt/rbenv/versions/2.0.0-p353/lib/ruby/gems/2.0.0/specifications/docile-1.1.3.gemspec
I, [2014-05-02T14:37:14.456931 #5180]  INFO -- : 0:  eventmachine (1.0.3) from /opt/rbenv/versions/2.0.0-p353/lib/ruby/gems/2.0.0/specifications/eventmachine-1.0.3.gemspec
I, [2014-05-02T14:37:14.464180 #5180]  INFO -- : 0:  factory_girl (4.4.0) from /opt/rbenv/versions/2.0.0-p353/lib/ruby/gems/2.0.0/specifications/factory_girl-4.4.0.gemspec
I, [2014-05-02T14:37:14.470514 #5180]  INFO -- : 0:  factory_girl_rails (4.4.1) from /opt/rbenv/versions/2.0.0-p353/lib/ruby/gems/2.0.0/specifications/factory_girl_rails-4.4.1.gemspec
I, [2014-05-02T14:37:14.476088 #5180]  INFO -- : 0:  faker (1.2.0) from /opt/rbenv/versions/2.0.0-p353/lib/ruby/gems/2.0.0/specifications/faker-1.2.0.gemspec
I, [2014-05-02T14:37:14.482653 #5180]  INFO -- : 0:  sass (3.2.14) from /opt/rbenv/versions/2.0.0-p353/lib/ruby/gems/2.0.0/specifications/sass-3.2.14.gemspec
I, [2014-05-02T14:37:14.489694 #5180]  INFO -- : 0:  foundation-rails (5.1.1.0) from /opt/rbenv/versions/2.0.0-p353/lib/ruby/gems/2.0.0/specifications/foundation-rails-5.1.1.0.gemspec
I, [2014-05-02T14:37:14.495630 #5180]  INFO -- : 0:  geocoder (1.1.9) from /opt/rbenv/versions/2.0.0-p353/lib/ruby/gems/2.0.0/specifications/geocoder-1.1.9.gemspec
I, [2014-05-02T14:37:14.501677 #5180]  INFO -- : 0:  hirb (0.7.1) from /opt/rbenv/versions/2.0.0-p353/lib/ruby/gems/2.0.0/specifications/hirb-0.7.1.gemspec
I, [2014-05-02T14:37:14.506344 #5180]  INFO -- : 0:  jbuilder (1.5.3) from /opt/rbenv/versions/2.0.0-p353/lib/ruby/gems/2.0.0/specifications/jbuilder-1.5.3.gemspec
I, [2014-05-02T14:37:14.514052 #5180]  INFO -- : 0:  jquery-rails (3.1.0) from /opt/rbenv/versions/2.0.0-p353/lib/ruby/gems/2.0.0/specifications/jquery-rails-3.1.0.gemspec
I, [2014-05-02T14:37:14.518520 #5180]  INFO -- : 0:  launchy (2.2.0) from /opt/rbenv/versions/2.0.0-p353/lib/ruby/gems/2.0.0/specifications/launchy-2.2.0.gemspec
I, [2014-05-02T14:37:14.525793 #5180]  INFO -- : 0:  libv8 (3.16.14.3) from /opt/rbenv/versions/2.0.0-p353/lib/ruby/gems/2.0.0/specifications/libv8-3.16.14.3.gemspec
I, [2014-05-02T14:37:14.529182 #5180]  INFO -- : 0:  rack-contrib (1.1.0) from /opt/rbenv/versions/2.0.0-p353/lib/ruby/gems/2.0.0/specifications/rack-contrib-1.1.0.gemspec
I, [2014-05-02T14:37:14.534435 #5180]  INFO -- : 0:  meta_request (0.2.8) from /opt/rbenv/versions/2.0.0-p353/lib/ruby/gems/2.0.0/specifications/meta_request-0.2.8.gemspec
I, [2014-05-02T14:37:14.542158 #5180]  INFO -- : 0:  metaclass (0.0.4) from /opt/rbenv/versions/2.0.0-p353/lib/ruby/gems/2.0.0/specifications/metaclass-0.0.4.gemspec
I, [2014-05-02T14:37:14.547820 #5180]  INFO -- : 0:  mocha (1.0.0) from /opt/rbenv/versions/2.0.0-p353/lib/ruby/gems/2.0.0/specifications/mocha-1.0.0.gemspec
I, [2014-05-02T14:37:14.551532 #5180]  INFO -- : 0:  quiet_assets (1.0.2) from /opt/rbenv/versions/2.0.0-p353/lib/ruby/gems/2.0.0/specifications/quiet_assets-1.0.2.gemspec
I, [2014-05-02T14:37:14.555040 #5180]  INFO -- : 0:  rdoc (4.1.1) from /opt/rbenv/versions/2.0.0-p353/lib/ruby/gems/2.0.0/specifications/rdoc-4.1.1.gemspec
I, [2014-05-02T14:37:14.559538 #5180]  INFO -- : 0:  ref (1.0.5) from /opt/rbenv/versions/2.0.0-p353/lib/ruby/gems/2.0.0/specifications/ref-1.0.5.gemspec
I, [2014-05-02T14:37:14.565503 #5180]  INFO -- : 0:  sass-rails (4.0.1) from /opt/rbenv/versions/2.0.0-p353/lib/ruby/gems/2.0.0/specifications/sass-rails-4.0.1.gemspec
I, [2014-05-02T14:37:14.573331 #5180]  INFO -- : 0:  sdoc (0.4.0) from /opt/rbenv/versions/2.0.0-p353/lib/ruby/gems/2.0.0/specifications/sdoc-0.4.0.gemspec
I, [2014-05-02T14:37:14.579229 #5180]  INFO -- : 0:  shoulda-context (1.1.6) from /opt/rbenv/versions/2.0.0-p353/lib/ruby/gems/2.0.0/specifications/shoulda-context-1.1.6.gemspec
I, [2014-05-02T14:37:14.584977 #5180]  INFO -- : 0:  shoulda-matchers (2.5.0) from /opt/rbenv/versions/2.0.0-p353/lib/ruby/gems/2.0.0/specifications/shoulda-matchers-2.5.0.gemspec
I, [2014-05-02T14:37:14.590631 #5180]  INFO -- : 0:  shoulda (3.5.0) from /opt/rbenv/versions/2.0.0-p353/lib/ruby/gems/2.0.0/specifications/shoulda-3.5.0.gemspec
I, [2014-05-02T14:37:14.598761 #5180]  INFO -- : 0:  simple_form (3.0.1) from /opt/rbenv/versions/2.0.0-p353/lib/ruby/gems/2.0.0/specifications/simple_form-3.0.1.gemspec
I, [2014-05-02T14:37:14.603750 #5180]  INFO -- : 0:  simplecov-html (0.8.0) from /opt/rbenv/versions/2.0.0-p353/lib/ruby/gems/2.0.0/specifications/simplecov-html-0.8.0.gemspec
I, [2014-05-02T14:37:14.609193 #5180]  INFO -- : 0:  simplecov (0.8.2) from /opt/rbenv/versions/2.0.0-p353/lib/ruby/gems/2.0.0/specifications/simplecov-0.8.2.gemspec
I, [2014-05-02T14:37:14.614098 #5180]  INFO -- : 0:  single_test (0.6.0) from /opt/rbenv/versions/2.0.0-p353/lib/ruby/gems/2.0.0/specifications/single_test-0.6.0.gemspec
I, [2014-05-02T14:37:14.618642 #5180]  INFO -- : 0:  sqlite3 (1.3.9) from /opt/rbenv/versions/2.0.0-p353/lib/ruby/gems/2.0.0/specifications/sqlite3-1.3.9.gemspec
I, [2014-05-02T14:37:14.622422 #5180]  INFO -- : 0:  therubyracer (0.12.0) from /opt/rbenv/versions/2.0.0-p353/lib/ruby/gems/2.0.0/specifications/therubyracer-0.12.0.gemspec
I, [2014-05-02T14:37:14.628023 #5180]  INFO -- : 0:  thin (1.6.1) from /opt/rbenv/versions/2.0.0-p353/lib/ruby/gems/2.0.0/specifications/thin-1.6.1.gemspec
I, [2014-05-02T14:37:14.634128 #5180]  INFO -- : 0:  timeliness (0.3.7) from /opt/rbenv/versions/2.0.0-p353/lib/ruby/gems/2.0.0/specifications/timeliness-0.3.7.gemspec
I, [2014-05-02T14:37:14.638632 #5180]  INFO -- : 0:  turn (0.9.6) from /opt/rbenv/versions/2.0.0-p353/lib/ruby/gems/2.0.0/specifications/turn-0.9.6.gemspec
I, [2014-05-02T14:37:14.643900 #5180]  INFO -- : 0:  uglifier (2.4.0) from /opt/rbenv/versions/2.0.0-p353/lib/ruby/gems/2.0.0/specifications/uglifier-2.4.0.gemspec
I, [2014-05-02T14:37:14.648637 #5180]  INFO -- : 0:  validates_timeliness (3.0.14) from /opt/rbenv/versions/2.0.0-p353/lib/ruby/gems/2.0.0/specifications/validates_timeliness-3.0.14.gemspec
I, [2014-05-02T14:37:14.653149 #5180]  INFO -- : 0:  will_paginate (3.0.5) from /opt/rbenv/versions/2.0.0-p353/lib/ruby/gems/2.0.0/specifications/will_paginate-3.0.5.gemspec
I, [2014-05-02T14:37:14.657019 #5180]  INFO -- : 0:  wirble (0.1.3) from /opt/rbenv/versions/2.0.0-p353/lib/ruby/gems/2.0.0/specifications/wirble-0.1.3.gemspec
I, [2014-05-03T06:43:00.902283 #6229]  INFO -- : 0:  rake (10.1.1) from /opt/rbenv/versions/2.0.0-p353/lib/ruby/gems/2.0.0/specifications/rake-10.1.1.gemspec
I, [2014-05-03T06:43:00.905755 #6229]  INFO -- : 0:  i18n (0.6.9) from /opt/rbenv/versions/2.0.0-p353/lib/ruby/gems/2.0.0/specifications/i18n-0.6.9.gemspec
I, [2014-05-03T06:43:00.907092 #6229]  INFO -- : 0:  minitest (4.7.5) from /opt/rbenv/versions/2.0.0-p353/lib/ruby/gems/2.0.0/specifications/minitest-4.7.5.gemspec
I, [2014-05-03T06:43:00.908140 #6229]  INFO -- : 0:  multi_json (1.8.4) from /opt/rbenv/versions/2.0.0-p353/lib/ruby/gems/2.0.0/specifications/multi_json-1.8.4.gemspec
I, [2014-05-03T06:43:00.909387 #6229]  INFO -- : 0:  atomic (1.1.15) from /opt/rbenv/versions/2.0.0-p353/lib/ruby/gems/2.0.0/specifications/atomic-1.1.15.gemspec
I, [2014-05-03T06:43:00.910538 #6229]  INFO -- : 0:  thread_safe (0.2.0) from /opt/rbenv/versions/2.0.0-p353/lib/ruby/gems/2.0.0/specifications/thread_safe-0.2.0.gemspec
I, [2014-05-03T06:43:00.911735 #6229]  INFO -- : 0:  tzinfo (0.3.38) from /opt/rbenv/versions/2.0.0-p353/lib/ruby/gems/2.0.0/specifications/tzinfo-0.3.38.gemspec
I, [2014-05-03T06:43:00.913023 #6229]  INFO -- : 0:  activesupport (4.0.3) from /opt/rbenv/versions/2.0.0-p353/lib/ruby/gems/2.0.0/specifications/activesupport-4.0.3.gemspec
I, [2014-05-03T06:43:00.914470 #6229]  INFO -- : 0:  builder (3.1.4) from /opt/rbenv/versions/2.0.0-p353/lib/ruby/gems/2.0.0/specifications/builder-3.1.4.gemspec
I, [2014-05-03T06:43:00.916142 #6229]  INFO -- : 0:  erubis (2.7.0) from /opt/rbenv/versions/2.0.0-p353/lib/ruby/gems/2.0.0/specifications/erubis-2.7.0.gemspec
I, [2014-05-03T06:43:00.917889 #6229]  INFO -- : 0:  rack (1.5.2) from /opt/rbenv/versions/2.0.0-p353/lib/ruby/gems/2.0.0/specifications/rack-1.5.2.gemspec
I, [2014-05-03T06:43:00.919026 #6229]  INFO -- : 0:  rack-test (0.6.2) from /opt/rbenv/versions/2.0.0-p353/lib/ruby/gems/2.0.0/specifications/rack-test-0.6.2.gemspec
I, [2014-05-03T06:43:00.920321 #6229]  INFO -- : 0:  actionpack (4.0.3) from /opt/rbenv/versions/2.0.0-p353/lib/ruby/gems/2.0.0/specifications/actionpack-4.0.3.gemspec
I, [2014-05-03T06:43:00.921468 #6229]  INFO -- : 0:  mime-types (1.25.1) from /opt/rbenv/versions/2.0.0-p353/lib/ruby/gems/2.0.0/specifications/mime-types-1.25.1.gemspec
I, [2014-05-03T06:43:00.929028 #6229]  INFO -- : 0:  polyglot (0.3.4) from /opt/rbenv/versions/2.0.0-p353/lib/ruby/gems/2.0.0/specifications/polyglot-0.3.4.gemspec
I, [2014-05-03T06:43:00.930287 #6229]  INFO -- : 0:  treetop (1.4.15) from /opt/rbenv/versions/2.0.0-p353/lib/ruby/gems/2.0.0/specifications/treetop-1.4.15.gemspec
I, [2014-05-03T06:43:00.931392 #6229]  INFO -- : 0:  mail (2.5.4) from /opt/rbenv/versions/2.0.0-p353/lib/ruby/gems/2.0.0/specifications/mail-2.5.4.gemspec
I, [2014-05-03T06:43:00.932407 #6229]  INFO -- : 0:  actionmailer (4.0.3) from /opt/rbenv/versions/2.0.0-p353/lib/ruby/gems/2.0.0/specifications/actionmailer-4.0.3.gemspec
I, [2014-05-03T06:43:00.933435 #6229]  INFO -- : 0:  activemodel (4.0.3) from /opt/rbenv/versions/2.0.0-p353/lib/ruby/gems/2.0.0/specifications/activemodel-4.0.3.gemspec
I, [2014-05-03T06:43:00.934405 #6229]  INFO -- : 0:  activerecord-deprecated_finders (1.0.3) from /opt/rbenv/versions/2.0.0-p353/lib/ruby/gems/2.0.0/specifications/activerecord-deprecated_finders-1.0.3.gemspec
I, [2014-05-03T06:43:00.935789 #6229]  INFO -- : 0:  arel (4.0.2) from /opt/rbenv/versions/2.0.0-p353/lib/ruby/gems/2.0.0/specifications/arel-4.0.2.gemspec
I, [2014-05-03T06:43:00.937127 #6229]  INFO -- : 0:  activerecord (4.0.3) from /opt/rbenv/versions/2.0.0-p353/lib/ruby/gems/2.0.0/specifications/activerecord-4.0.3.gemspec
I, [2014-05-03T06:43:00.938440 #6229]  INFO -- : 0:  addressable (2.3.3) from /opt/rbenv/versions/2.0.0-p353/lib/ruby/gems/2.0.0/specifications/addressable-2.3.3.gemspec
I, [2014-05-03T06:43:00.939519 #6229]  INFO -- : 0:  ansi (1.4.3) from /opt/rbenv/versions/2.0.0-p353/lib/ruby/gems/2.0.0/specifications/ansi-1.4.3.gemspec
I, [2014-05-03T06:43:00.940516 #6229]  INFO -- : 0:  bcrypt (3.1.7) from /opt/rbenv/versions/2.0.0-p353/lib/ruby/gems/2.0.0/specifications/bcrypt-3.1.7.gemspec
I, [2014-05-03T06:43:00.941505 #6229]  INFO -- : 0:  bcrypt-ruby (3.1.5) from /opt/rbenv/versions/2.0.0-p353/lib/ruby/gems/2.0.0/specifications/bcrypt-ruby-3.1.5.gemspec
I, [2014-05-03T06:43:00.942674 #6229]  INFO -- : 0:  coderay (1.1.0) from /opt/rbenv/versions/2.0.0-p353/lib/ruby/gems/2.0.0/specifications/coderay-1.1.0.gemspec
I, [2014-05-03T06:43:00.943708 #6229]  INFO -- : 0:  better_errors (1.1.0) from /opt/rbenv/versions/2.0.0-p353/lib/ruby/gems/2.0.0/specifications/better_errors-1.1.0.gemspec
I, [2014-05-03T06:43:00.955941 #6229]  INFO -- : 0:  debug_inspector (0.0.2) from /opt/rbenv/versions/2.0.0-p353/lib/ruby/gems/2.0.0/specifications/debug_inspector-0.0.2.gemspec
I, [2014-05-03T06:43:00.957317 #6229]  INFO -- : 0:  binding_of_caller (0.7.2) from /opt/rbenv/versions/2.0.0-p353/lib/ruby/gems/2.0.0/specifications/binding_of_caller-0.7.2.gemspec
I, [2014-05-03T06:43:00.958484 #6229]  INFO -- : 0:  callsite (0.0.11) from /opt/rbenv/versions/2.0.0-p353/lib/ruby/gems/2.0.0/specifications/callsite-0.0.11.gemspec
I, [2014-05-03T06:43:00.959800 #6229]  INFO -- : 0:  cancancan (1.7.0) from /opt/rbenv/versions/2.0.0-p353/lib/ruby/gems/2.0.0/specifications/cancancan-1.7.0.gemspec
I, [2014-05-03T06:43:00.960919 #6229]  INFO -- : 0:  mini_portile (0.5.2) from /opt/rbenv/versions/2.0.0-p353/lib/ruby/gems/2.0.0/specifications/mini_portile-0.5.2.gemspec
I, [2014-05-03T06:43:00.962048 #6229]  INFO -- : 0:  nokogiri (1.6.1) from /opt/rbenv/versions/2.0.0-p353/lib/ruby/gems/2.0.0/specifications/nokogiri-1.6.1.gemspec
I, [2014-05-03T06:43:00.963236 #6229]  INFO -- : 0:  xpath (2.0.0) from /opt/rbenv/versions/2.0.0-p353/lib/ruby/gems/2.0.0/specifications/xpath-2.0.0.gemspec
I, [2014-05-03T06:43:00.964531 #6229]  INFO -- : 0:  capybara (2.2.1) from /opt/rbenv/versions/2.0.0-p353/lib/ruby/gems/2.0.0/specifications/capybara-2.2.1.gemspec
I, [2014-05-03T06:43:00.965831 #6229]  INFO -- : 0:  json (1.8.1) from /opt/rbenv/versions/2.0.0-p353/lib/ruby/gems/2.0.0/specifications/json-1.8.1.gemspec
I, [2014-05-03T06:43:00.966981 #6229]  INFO -- : 0:  carrierwave (0.10.0) from /opt/rbenv/versions/2.0.0-p353/lib/ruby/gems/2.0.0/specifications/carrierwave-0.10.0.gemspec
I, [2014-05-03T06:43:00.968106 #6229]  INFO -- : 0:  coffee-script-source (1.7.0) from /opt/rbenv/versions/2.0.0-p353/lib/ruby/gems/2.0.0/specifications/coffee-script-source-1.7.0.gemspec
I, [2014-05-03T06:43:00.969526 #6229]  INFO -- : 0:  execjs (2.0.2) from /opt/rbenv/versions/2.0.0-p353/lib/ruby/gems/2.0.0/specifications/execjs-2.0.2.gemspec
I, [2014-05-03T06:43:00.970772 #6229]  INFO -- : 0:  coffee-script (2.2.0) from /opt/rbenv/versions/2.0.0-p353/lib/ruby/gems/2.0.0/specifications/coffee-script-2.2.0.gemspec
I, [2014-05-03T06:43:00.971939 #6229]  INFO -- : 0:  thor (0.18.1) from /opt/rbenv/versions/2.0.0-p353/lib/ruby/gems/2.0.0/specifications/thor-0.18.1.gemspec
I, [2014-05-03T06:43:00.973411 #6229]  INFO -- : 0:  railties (4.0.3) from /opt/rbenv/versions/2.0.0-p353/lib/ruby/gems/2.0.0/specifications/railties-4.0.3.gemspec
I, [2014-05-03T06:43:00.974861 #6229]  INFO -- : 0:  coffee-rails (4.0.1) from /opt/rbenv/versions/2.0.0-p353/lib/ruby/gems/2.0.0/specifications/coffee-rails-4.0.1.gemspec
I, [2014-05-03T06:43:00.975951 #6229]  INFO -- : 0:  diff-lcs (1.2.5) from /opt/rbenv/versions/2.0.0-p353/lib/ruby/gems/2.0.0/specifications/diff-lcs-1.2.5.gemspec
I, [2014-05-03T06:43:00.977057 #6229]  INFO -- : 0:  gherkin (2.12.2) from /opt/rbenv/versions/2.0.0-p353/lib/ruby/gems/2.0.0/specifications/gherkin-2.12.2.gemspec
I, [2014-05-03T06:43:00.978226 #6229]  INFO -- : 0:  multi_test (0.0.3) from /opt/rbenv/versions/2.0.0-p353/lib/ruby/gems/2.0.0/specifications/multi_test-0.0.3.gemspec
I, [2014-05-03T06:43:00.979889 #6229]  INFO -- : 0:  cucumber (1.3.10) from /opt/rbenv/versions/2.0.0-p353/lib/ruby/gems/2.0.0/specifications/cucumber-1.3.10.gemspec
I, [2014-05-03T06:43:00.981207 #6229]  INFO -- : 0:  bundler (1.5.1) from /opt/rbenv/versions/2.0.0-p353/lib/ruby/gems/2.0.0/specifications/bundler-1.5.1.gemspec
I, [2014-05-03T06:43:00.982778 #6229]  INFO -- : 0:  hike (1.2.3) from /opt/rbenv/versions/2.0.0-p353/lib/ruby/gems/2.0.0/specifications/hike-1.2.3.gemspec
I, [2014-05-03T06:43:00.983887 #6229]  INFO -- : 0:  tilt (1.4.1) from /opt/rbenv/versions/2.0.0-p353/lib/ruby/gems/2.0.0/specifications/tilt-1.4.1.gemspec
I, [2014-05-03T06:43:00.985179 #6229]  INFO -- : 0:  sprockets (2.11.0) from /opt/rbenv/versions/2.0.0-p353/lib/ruby/gems/2.0.0/specifications/sprockets-2.11.0.gemspec
I, [2014-05-03T06:43:00.986590 #6229]  INFO -- : 0:  sprockets-rails (2.0.1) from /opt/rbenv/versions/2.0.0-p353/lib/ruby/gems/2.0.0/specifications/sprockets-rails-2.0.1.gemspec
I, [2014-05-03T06:43:00.988017 #6229]  INFO -- : 0:  rails (4.0.3) from /opt/rbenv/versions/2.0.0-p353/lib/ruby/gems/2.0.0/specifications/rails-4.0.3.gemspec
I, [2014-05-03T06:43:00.989226 #6229]  INFO -- : 0:  cucumber-rails (1.4.0) from /opt/rbenv/versions/2.0.0-p353/lib/ruby/gems/2.0.0/specifications/cucumber-rails-1.4.0.gemspec
I, [2014-05-03T06:43:00.990417 #6229]  INFO -- : 0:  daemons (1.1.9) from /opt/rbenv/versions/2.0.0-p353/lib/ruby/gems/2.0.0/specifications/daemons-1.1.9.gemspec
I, [2014-05-03T06:43:00.991484 #6229]  INFO -- : 0:  database_cleaner (1.2.0) from /opt/rbenv/versions/2.0.0-p353/lib/ruby/gems/2.0.0/specifications/database_cleaner-1.2.0.gemspec
I, [2014-05-03T06:43:00.992660 #6229]  INFO -- : 0:  docile (1.1.3) from /opt/rbenv/versions/2.0.0-p353/lib/ruby/gems/2.0.0/specifications/docile-1.1.3.gemspec
I, [2014-05-03T06:43:00.993765 #6229]  INFO -- : 0:  eventmachine (1.0.3) from /opt/rbenv/versions/2.0.0-p353/lib/ruby/gems/2.0.0/specifications/eventmachine-1.0.3.gemspec
I, [2014-05-03T06:43:00.994837 #6229]  INFO -- : 0:  factory_girl (4.4.0) from /opt/rbenv/versions/2.0.0-p353/lib/ruby/gems/2.0.0/specifications/factory_girl-4.4.0.gemspec
I, [2014-05-03T06:43:00.996038 #6229]  INFO -- : 0:  factory_girl_rails (4.4.1) from /opt/rbenv/versions/2.0.0-p353/lib/ruby/gems/2.0.0/specifications/factory_girl_rails-4.4.1.gemspec
I, [2014-05-03T06:43:00.997174 #6229]  INFO -- : 0:  faker (1.2.0) from /opt/rbenv/versions/2.0.0-p353/lib/ruby/gems/2.0.0/specifications/faker-1.2.0.gemspec
I, [2014-05-03T06:43:00.998283 #6229]  INFO -- : 0:  sass (3.2.14) from /opt/rbenv/versions/2.0.0-p353/lib/ruby/gems/2.0.0/specifications/sass-3.2.14.gemspec
I, [2014-05-03T06:43:00.999390 #6229]  INFO -- : 0:  foundation-rails (5.1.1.0) from /opt/rbenv/versions/2.0.0-p353/lib/ruby/gems/2.0.0/specifications/foundation-rails-5.1.1.0.gemspec
I, [2014-05-03T06:43:01.000599 #6229]  INFO -- : 0:  geocoder (1.1.9) from /opt/rbenv/versions/2.0.0-p353/lib/ruby/gems/2.0.0/specifications/geocoder-1.1.9.gemspec
I, [2014-05-03T06:43:01.001801 #6229]  INFO -- : 0:  hirb (0.7.1) from /opt/rbenv/versions/2.0.0-p353/lib/ruby/gems/2.0.0/specifications/hirb-0.7.1.gemspec
I, [2014-05-03T06:43:01.003117 #6229]  INFO -- : 0:  jbuilder (1.5.3) from /opt/rbenv/versions/2.0.0-p353/lib/ruby/gems/2.0.0/specifications/jbuilder-1.5.3.gemspec
I, [2014-05-03T06:43:01.004235 #6229]  INFO -- : 0:  jquery-rails (3.1.0) from /opt/rbenv/versions/2.0.0-p353/lib/ruby/gems/2.0.0/specifications/jquery-rails-3.1.0.gemspec
I, [2014-05-03T06:43:01.005554 #6229]  INFO -- : 0:  launchy (2.2.0) from /opt/rbenv/versions/2.0.0-p353/lib/ruby/gems/2.0.0/specifications/launchy-2.2.0.gemspec
I, [2014-05-03T06:43:01.006830 #6229]  INFO -- : 0:  libv8 (3.16.14.3) from /opt/rbenv/versions/2.0.0-p353/lib/ruby/gems/2.0.0/specifications/libv8-3.16.14.3.gemspec
I, [2014-05-03T06:43:01.008063 #6229]  INFO -- : 0:  rack-contrib (1.1.0) from /opt/rbenv/versions/2.0.0-p353/lib/ruby/gems/2.0.0/specifications/rack-contrib-1.1.0.gemspec
I, [2014-05-03T06:43:01.009377 #6229]  INFO -- : 0:  meta_request (0.2.8) from /opt/rbenv/versions/2.0.0-p353/lib/ruby/gems/2.0.0/specifications/meta_request-0.2.8.gemspec
I, [2014-05-03T06:43:01.010768 #6229]  INFO -- : 0:  metaclass (0.0.4) from /opt/rbenv/versions/2.0.0-p353/lib/ruby/gems/2.0.0/specifications/metaclass-0.0.4.gemspec
I, [2014-05-03T06:43:01.012217 #6229]  INFO -- : 0:  mocha (1.0.0) from /opt/rbenv/versions/2.0.0-p353/lib/ruby/gems/2.0.0/specifications/mocha-1.0.0.gemspec
I, [2014-05-03T06:43:01.013423 #6229]  INFO -- : 0:  quiet_assets (1.0.2) from /opt/rbenv/versions/2.0.0-p353/lib/ruby/gems/2.0.0/specifications/quiet_assets-1.0.2.gemspec
I, [2014-05-03T06:43:01.014765 #6229]  INFO -- : 0:  rdoc (4.1.1) from /opt/rbenv/versions/2.0.0-p353/lib/ruby/gems/2.0.0/specifications/rdoc-4.1.1.gemspec
I, [2014-05-03T06:43:01.015948 #6229]  INFO -- : 0:  ref (1.0.5) from /opt/rbenv/versions/2.0.0-p353/lib/ruby/gems/2.0.0/specifications/ref-1.0.5.gemspec
I, [2014-05-03T06:43:01.017187 #6229]  INFO -- : 0:  sass-rails (4.0.1) from /opt/rbenv/versions/2.0.0-p353/lib/ruby/gems/2.0.0/specifications/sass-rails-4.0.1.gemspec
I, [2014-05-03T06:43:01.018506 #6229]  INFO -- : 0:  sdoc (0.4.0) from /opt/rbenv/versions/2.0.0-p353/lib/ruby/gems/2.0.0/specifications/sdoc-0.4.0.gemspec
I, [2014-05-03T06:43:01.019880 #6229]  INFO -- : 0:  shoulda-context (1.1.6) from /opt/rbenv/versions/2.0.0-p353/lib/ruby/gems/2.0.0/specifications/shoulda-context-1.1.6.gemspec
I, [2014-05-03T06:43:01.021103 #6229]  INFO -- : 0:  shoulda-matchers (2.5.0) from /opt/rbenv/versions/2.0.0-p353/lib/ruby/gems/2.0.0/specifications/shoulda-matchers-2.5.0.gemspec
I, [2014-05-03T06:43:01.022357 #6229]  INFO -- : 0:  shoulda (3.5.0) from /opt/rbenv/versions/2.0.0-p353/lib/ruby/gems/2.0.0/specifications/shoulda-3.5.0.gemspec
I, [2014-05-03T06:43:01.023466 #6229]  INFO -- : 0:  simple_form (3.0.1) from /opt/rbenv/versions/2.0.0-p353/lib/ruby/gems/2.0.0/specifications/simple_form-3.0.1.gemspec
I, [2014-05-03T06:43:01.024589 #6229]  INFO -- : 0:  simplecov-html (0.8.0) from /opt/rbenv/versions/2.0.0-p353/lib/ruby/gems/2.0.0/specifications/simplecov-html-0.8.0.gemspec
I, [2014-05-03T06:43:01.025701 #6229]  INFO -- : 0:  simplecov (0.8.2) from /opt/rbenv/versions/2.0.0-p353/lib/ruby/gems/2.0.0/specifications/simplecov-0.8.2.gemspec
I, [2014-05-03T06:43:01.027066 #6229]  INFO -- : 0:  single_test (0.6.0) from /opt/rbenv/versions/2.0.0-p353/lib/ruby/gems/2.0.0/specifications/single_test-0.6.0.gemspec
I, [2014-05-03T06:43:01.028225 #6229]  INFO -- : 0:  sqlite3 (1.3.9) from /opt/rbenv/versions/2.0.0-p353/lib/ruby/gems/2.0.0/specifications/sqlite3-1.3.9.gemspec
I, [2014-05-03T06:43:01.029415 #6229]  INFO -- : 0:  therubyracer (0.12.0) from /opt/rbenv/versions/2.0.0-p353/lib/ruby/gems/2.0.0/specifications/therubyracer-0.12.0.gemspec
I, [2014-05-03T06:43:01.030547 #6229]  INFO -- : 0:  thin (1.6.1) from /opt/rbenv/versions/2.0.0-p353/lib/ruby/gems/2.0.0/specifications/thin-1.6.1.gemspec
I, [2014-05-03T06:43:01.031894 #6229]  INFO -- : 0:  timeliness (0.3.7) from /opt/rbenv/versions/2.0.0-p353/lib/ruby/gems/2.0.0/specifications/timeliness-0.3.7.gemspec
I, [2014-05-03T06:43:01.033052 #6229]  INFO -- : 0:  turn (0.9.6) from /opt/rbenv/versions/2.0.0-p353/lib/ruby/gems/2.0.0/specifications/turn-0.9.6.gemspec
I, [2014-05-03T06:43:01.034140 #6229]  INFO -- : 0:  uglifier (2.4.0) from /opt/rbenv/versions/2.0.0-p353/lib/ruby/gems/2.0.0/specifications/uglifier-2.4.0.gemspec
I, [2014-05-03T06:43:01.035062 #6229]  INFO -- : 0:  validates_timeliness (3.0.14) from /opt/rbenv/versions/2.0.0-p353/lib/ruby/gems/2.0.0/specifications/validates_timeliness-3.0.14.gemspec
I, [2014-05-03T06:43:01.036325 #6229]  INFO -- : 0:  will_paginate (3.0.5) from /opt/rbenv/versions/2.0.0-p353/lib/ruby/gems/2.0.0/specifications/will_paginate-3.0.5.gemspec
I, [2014-05-03T06:43:01.037398 #6229]  INFO -- : 0:  wirble (0.1.3) from /opt/rbenv/versions/2.0.0-p353/lib/ruby/gems/2.0.0/specifications/wirble-0.1.3.gemspec
I, [2014-05-05T22:11:47.587443 #5825]  INFO -- : 0:  rake (10.1.1) from /opt/rbenv/versions/2.0.0-p353/lib/ruby/gems/2.0.0/specifications/rake-10.1.1.gemspec
I, [2014-05-05T22:11:47.589728 #5825]  INFO -- : 0:  i18n (0.6.9) from /opt/rbenv/versions/2.0.0-p353/lib/ruby/gems/2.0.0/specifications/i18n-0.6.9.gemspec
I, [2014-05-05T22:11:47.590976 #5825]  INFO -- : 0:  minitest (4.7.5) from /opt/rbenv/versions/2.0.0-p353/lib/ruby/gems/2.0.0/specifications/minitest-4.7.5.gemspec
I, [2014-05-05T22:11:47.592297 #5825]  INFO -- : 0:  multi_json (1.8.4) from /opt/rbenv/versions/2.0.0-p353/lib/ruby/gems/2.0.0/specifications/multi_json-1.8.4.gemspec
I, [2014-05-05T22:11:47.594592 #5825]  INFO -- : 0:  atomic (1.1.15) from /opt/rbenv/versions/2.0.0-p353/lib/ruby/gems/2.0.0/specifications/atomic-1.1.15.gemspec
I, [2014-05-05T22:11:47.595859 #5825]  INFO -- : 0:  thread_safe (0.2.0) from /opt/rbenv/versions/2.0.0-p353/lib/ruby/gems/2.0.0/specifications/thread_safe-0.2.0.gemspec
I, [2014-05-05T22:11:47.597024 #5825]  INFO -- : 0:  tzinfo (0.3.38) from /opt/rbenv/versions/2.0.0-p353/lib/ruby/gems/2.0.0/specifications/tzinfo-0.3.38.gemspec
I, [2014-05-05T22:11:47.598276 #5825]  INFO -- : 0:  activesupport (4.0.3) from /opt/rbenv/versions/2.0.0-p353/lib/ruby/gems/2.0.0/specifications/activesupport-4.0.3.gemspec
I, [2014-05-05T22:11:47.600103 #5825]  INFO -- : 0:  builder (3.1.4) from /opt/rbenv/versions/2.0.0-p353/lib/ruby/gems/2.0.0/specifications/builder-3.1.4.gemspec
I, [2014-05-05T22:11:47.602199 #5825]  INFO -- : 0:  erubis (2.7.0) from /opt/rbenv/versions/2.0.0-p353/lib/ruby/gems/2.0.0/specifications/erubis-2.7.0.gemspec
I, [2014-05-05T22:11:47.603703 #5825]  INFO -- : 0:  rack (1.5.2) from /opt/rbenv/versions/2.0.0-p353/lib/ruby/gems/2.0.0/specifications/rack-1.5.2.gemspec
I, [2014-05-05T22:11:47.605878 #5825]  INFO -- : 0:  rack-test (0.6.2) from /opt/rbenv/versions/2.0.0-p353/lib/ruby/gems/2.0.0/specifications/rack-test-0.6.2.gemspec
I, [2014-05-05T22:11:47.607283 #5825]  INFO -- : 0:  actionpack (4.0.3) from /opt/rbenv/versions/2.0.0-p353/lib/ruby/gems/2.0.0/specifications/actionpack-4.0.3.gemspec
I, [2014-05-05T22:11:47.608561 #5825]  INFO -- : 0:  mime-types (1.25.1) from /opt/rbenv/versions/2.0.0-p353/lib/ruby/gems/2.0.0/specifications/mime-types-1.25.1.gemspec
I, [2014-05-05T22:11:47.609810 #5825]  INFO -- : 0:  polyglot (0.3.4) from /opt/rbenv/versions/2.0.0-p353/lib/ruby/gems/2.0.0/specifications/polyglot-0.3.4.gemspec
I, [2014-05-05T22:11:47.611129 #5825]  INFO -- : 0:  treetop (1.4.15) from /opt/rbenv/versions/2.0.0-p353/lib/ruby/gems/2.0.0/specifications/treetop-1.4.15.gemspec
I, [2014-05-05T22:11:47.612580 #5825]  INFO -- : 0:  mail (2.5.4) from /opt/rbenv/versions/2.0.0-p353/lib/ruby/gems/2.0.0/specifications/mail-2.5.4.gemspec
I, [2014-05-05T22:11:47.613895 #5825]  INFO -- : 0:  actionmailer (4.0.3) from /opt/rbenv/versions/2.0.0-p353/lib/ruby/gems/2.0.0/specifications/actionmailer-4.0.3.gemspec
I, [2014-05-05T22:11:47.615037 #5825]  INFO -- : 0:  activemodel (4.0.3) from /opt/rbenv/versions/2.0.0-p353/lib/ruby/gems/2.0.0/specifications/activemodel-4.0.3.gemspec
I, [2014-05-05T22:11:47.616579 #5825]  INFO -- : 0:  activerecord-deprecated_finders (1.0.3) from /opt/rbenv/versions/2.0.0-p353/lib/ruby/gems/2.0.0/specifications/activerecord-deprecated_finders-1.0.3.gemspec
I, [2014-05-05T22:11:47.617851 #5825]  INFO -- : 0:  arel (4.0.2) from /opt/rbenv/versions/2.0.0-p353/lib/ruby/gems/2.0.0/specifications/arel-4.0.2.gemspec
I, [2014-05-05T22:11:47.619409 #5825]  INFO -- : 0:  activerecord (4.0.3) from /opt/rbenv/versions/2.0.0-p353/lib/ruby/gems/2.0.0/specifications/activerecord-4.0.3.gemspec
I, [2014-05-05T22:11:47.620602 #5825]  INFO -- : 0:  addressable (2.3.3) from /opt/rbenv/versions/2.0.0-p353/lib/ruby/gems/2.0.0/specifications/addressable-2.3.3.gemspec
I, [2014-05-05T22:11:47.621670 #5825]  INFO -- : 0:  ansi (1.4.3) from /opt/rbenv/versions/2.0.0-p353/lib/ruby/gems/2.0.0/specifications/ansi-1.4.3.gemspec
I, [2014-05-05T22:11:47.623005 #5825]  INFO -- : 0:  bcrypt (3.1.7) from /opt/rbenv/versions/2.0.0-p353/lib/ruby/gems/2.0.0/specifications/bcrypt-3.1.7.gemspec
I, [2014-05-05T22:11:47.624251 #5825]  INFO -- : 0:  bcrypt-ruby (3.1.5) from /opt/rbenv/versions/2.0.0-p353/lib/ruby/gems/2.0.0/specifications/bcrypt-ruby-3.1.5.gemspec
I, [2014-05-05T22:11:47.625638 #5825]  INFO -- : 0:  coderay (1.1.0) from /opt/rbenv/versions/2.0.0-p353/lib/ruby/gems/2.0.0/specifications/coderay-1.1.0.gemspec
I, [2014-05-05T22:11:47.626866 #5825]  INFO -- : 0:  better_errors (1.1.0) from /opt/rbenv/versions/2.0.0-p353/lib/ruby/gems/2.0.0/specifications/better_errors-1.1.0.gemspec
I, [2014-05-05T22:11:47.628106 #5825]  INFO -- : 0:  debug_inspector (0.0.2) from /opt/rbenv/versions/2.0.0-p353/lib/ruby/gems/2.0.0/specifications/debug_inspector-0.0.2.gemspec
I, [2014-05-05T22:11:47.629856 #5825]  INFO -- : 0:  binding_of_caller (0.7.2) from /opt/rbenv/versions/2.0.0-p353/lib/ruby/gems/2.0.0/specifications/binding_of_caller-0.7.2.gemspec
I, [2014-05-05T22:11:47.631516 #5825]  INFO -- : 0:  bundler (1.5.1) from /opt/rbenv/versions/2.0.0-p353/lib/ruby/gems/2.0.0/specifications/bundler-1.5.1.gemspec
I, [2014-05-05T22:11:47.633862 #5825]  INFO -- : 0:  callsite (0.0.11) from /opt/rbenv/versions/2.0.0-p353/lib/ruby/gems/2.0.0/specifications/callsite-0.0.11.gemspec
I, [2014-05-05T22:11:47.635366 #5825]  INFO -- : 0:  cancancan (1.7.0) from /opt/rbenv/versions/2.0.0-p353/lib/ruby/gems/2.0.0/specifications/cancancan-1.7.0.gemspec
I, [2014-05-05T22:11:47.636716 #5825]  INFO -- : 0:  mini_portile (0.5.2) from /opt/rbenv/versions/2.0.0-p353/lib/ruby/gems/2.0.0/specifications/mini_portile-0.5.2.gemspec
I, [2014-05-05T22:11:47.638862 #5825]  INFO -- : 0:  nokogiri (1.6.1) from /opt/rbenv/versions/2.0.0-p353/lib/ruby/gems/2.0.0/specifications/nokogiri-1.6.1.gemspec
I, [2014-05-05T22:11:47.640115 #5825]  INFO -- : 0:  xpath (2.0.0) from /opt/rbenv/versions/2.0.0-p353/lib/ruby/gems/2.0.0/specifications/xpath-2.0.0.gemspec
I, [2014-05-05T22:11:47.641232 #5825]  INFO -- : 0:  capybara (2.2.1) from /opt/rbenv/versions/2.0.0-p353/lib/ruby/gems/2.0.0/specifications/capybara-2.2.1.gemspec
I, [2014-05-05T22:11:47.642604 #5825]  INFO -- : 0:  json (1.8.1) from /opt/rbenv/versions/2.0.0-p353/lib/ruby/gems/2.0.0/specifications/json-1.8.1.gemspec
I, [2014-05-05T22:11:47.643923 #5825]  INFO -- : 0:  carrierwave (0.10.0) from /opt/rbenv/versions/2.0.0-p353/lib/ruby/gems/2.0.0/specifications/carrierwave-0.10.0.gemspec
I, [2014-05-05T22:11:47.645254 #5825]  INFO -- : 0:  coffee-script-source (1.7.0) from /opt/rbenv/versions/2.0.0-p353/lib/ruby/gems/2.0.0/specifications/coffee-script-source-1.7.0.gemspec
I, [2014-05-05T22:11:47.646422 #5825]  INFO -- : 0:  execjs (2.0.2) from /opt/rbenv/versions/2.0.0-p353/lib/ruby/gems/2.0.0/specifications/execjs-2.0.2.gemspec
I, [2014-05-05T22:11:47.647648 #5825]  INFO -- : 0:  coffee-script (2.2.0) from /opt/rbenv/versions/2.0.0-p353/lib/ruby/gems/2.0.0/specifications/coffee-script-2.2.0.gemspec
I, [2014-05-05T22:11:47.649176 #5825]  INFO -- : 0:  thor (0.18.1) from /opt/rbenv/versions/2.0.0-p353/lib/ruby/gems/2.0.0/specifications/thor-0.18.1.gemspec
I, [2014-05-05T22:11:47.650811 #5825]  INFO -- : 0:  railties (4.0.3) from /opt/rbenv/versions/2.0.0-p353/lib/ruby/gems/2.0.0/specifications/railties-4.0.3.gemspec
I, [2014-05-05T22:11:47.652270 #5825]  INFO -- : 0:  coffee-rails (4.0.1) from /opt/rbenv/versions/2.0.0-p353/lib/ruby/gems/2.0.0/specifications/coffee-rails-4.0.1.gemspec
I, [2014-05-05T22:11:47.653559 #5825]  INFO -- : 0:  diff-lcs (1.2.5) from /opt/rbenv/versions/2.0.0-p353/lib/ruby/gems/2.0.0/specifications/diff-lcs-1.2.5.gemspec
I, [2014-05-05T22:11:47.654741 #5825]  INFO -- : 0:  gherkin (2.12.2) from /opt/rbenv/versions/2.0.0-p353/lib/ruby/gems/2.0.0/specifications/gherkin-2.12.2.gemspec
I, [2014-05-05T22:11:47.655927 #5825]  INFO -- : 0:  multi_test (0.0.3) from /opt/rbenv/versions/2.0.0-p353/lib/ruby/gems/2.0.0/specifications/multi_test-0.0.3.gemspec
I, [2014-05-05T22:11:47.657302 #5825]  INFO -- : 0:  cucumber (1.3.10) from /opt/rbenv/versions/2.0.0-p353/lib/ruby/gems/2.0.0/specifications/cucumber-1.3.10.gemspec
I, [2014-05-05T22:11:47.659582 #5825]  INFO -- : 0:  hike (1.2.3) from /opt/rbenv/versions/2.0.0-p353/lib/ruby/gems/2.0.0/specifications/hike-1.2.3.gemspec
I, [2014-05-05T22:11:47.662162 #5825]  INFO -- : 0:  tilt (1.4.1) from /opt/rbenv/versions/2.0.0-p353/lib/ruby/gems/2.0.0/specifications/tilt-1.4.1.gemspec
I, [2014-05-05T22:11:47.664341 #5825]  INFO -- : 0:  sprockets (2.11.0) from /opt/rbenv/versions/2.0.0-p353/lib/ruby/gems/2.0.0/specifications/sprockets-2.11.0.gemspec
I, [2014-05-05T22:11:47.666231 #5825]  INFO -- : 0:  sprockets-rails (2.0.1) from /opt/rbenv/versions/2.0.0-p353/lib/ruby/gems/2.0.0/specifications/sprockets-rails-2.0.1.gemspec
I, [2014-05-05T22:11:47.667989 #5825]  INFO -- : 0:  rails (4.0.3) from /opt/rbenv/versions/2.0.0-p353/lib/ruby/gems/2.0.0/specifications/rails-4.0.3.gemspec
I, [2014-05-05T22:11:47.669266 #5825]  INFO -- : 0:  cucumber-rails (1.4.0) from /opt/rbenv/versions/2.0.0-p353/lib/ruby/gems/2.0.0/specifications/cucumber-rails-1.4.0.gemspec
I, [2014-05-05T22:11:47.670814 #5825]  INFO -- : 0:  daemons (1.1.9) from /opt/rbenv/versions/2.0.0-p353/lib/ruby/gems/2.0.0/specifications/daemons-1.1.9.gemspec
I, [2014-05-05T22:11:47.672530 #5825]  INFO -- : 0:  database_cleaner (1.2.0) from /opt/rbenv/versions/2.0.0-p353/lib/ruby/gems/2.0.0/specifications/database_cleaner-1.2.0.gemspec
I, [2014-05-05T22:11:47.673918 #5825]  INFO -- : 0:  docile (1.1.3) from /opt/rbenv/versions/2.0.0-p353/lib/ruby/gems/2.0.0/specifications/docile-1.1.3.gemspec
I, [2014-05-05T22:11:47.675563 #5825]  INFO -- : 0:  eventmachine (1.0.3) from /opt/rbenv/versions/2.0.0-p353/lib/ruby/gems/2.0.0/specifications/eventmachine-1.0.3.gemspec
I, [2014-05-05T22:11:47.677616 #5825]  INFO -- : 0:  factory_girl (4.4.0) from /opt/rbenv/versions/2.0.0-p353/lib/ruby/gems/2.0.0/specifications/factory_girl-4.4.0.gemspec
I, [2014-05-05T22:11:47.679183 #5825]  INFO -- : 0:  factory_girl_rails (4.4.1) from /opt/rbenv/versions/2.0.0-p353/lib/ruby/gems/2.0.0/specifications/factory_girl_rails-4.4.1.gemspec
I, [2014-05-05T22:11:47.680371 #5825]  INFO -- : 0:  faker (1.2.0) from /opt/rbenv/versions/2.0.0-p353/lib/ruby/gems/2.0.0/specifications/faker-1.2.0.gemspec
I, [2014-05-05T22:11:47.681594 #5825]  INFO -- : 0:  sass (3.2.14) from /opt/rbenv/versions/2.0.0-p353/lib/ruby/gems/2.0.0/specifications/sass-3.2.14.gemspec
I, [2014-05-05T22:11:47.682993 #5825]  INFO -- : 0:  foundation-rails (5.1.1.0) from /opt/rbenv/versions/2.0.0-p353/lib/ruby/gems/2.0.0/specifications/foundation-rails-5.1.1.0.gemspec
I, [2014-05-05T22:11:47.684422 #5825]  INFO -- : 0:  geocoder (1.1.9) from /opt/rbenv/versions/2.0.0-p353/lib/ruby/gems/2.0.0/specifications/geocoder-1.1.9.gemspec
I, [2014-05-05T22:11:47.685717 #5825]  INFO -- : 0:  hirb (0.7.1) from /opt/rbenv/versions/2.0.0-p353/lib/ruby/gems/2.0.0/specifications/hirb-0.7.1.gemspec
I, [2014-05-05T22:11:47.687099 #5825]  INFO -- : 0:  jbuilder (1.5.3) from /opt/rbenv/versions/2.0.0-p353/lib/ruby/gems/2.0.0/specifications/jbuilder-1.5.3.gemspec
I, [2014-05-05T22:11:47.688388 #5825]  INFO -- : 0:  jquery-rails (3.1.0) from /opt/rbenv/versions/2.0.0-p353/lib/ruby/gems/2.0.0/specifications/jquery-rails-3.1.0.gemspec
I, [2014-05-05T22:11:47.689803 #5825]  INFO -- : 0:  launchy (2.2.0) from /opt/rbenv/versions/2.0.0-p353/lib/ruby/gems/2.0.0/specifications/launchy-2.2.0.gemspec
I, [2014-05-05T22:11:47.691573 #5825]  INFO -- : 0:  libv8 (3.16.14.3) from /opt/rbenv/versions/2.0.0-p353/lib/ruby/gems/2.0.0/specifications/libv8-3.16.14.3.gemspec
I, [2014-05-05T22:11:47.693325 #5825]  INFO -- : 0:  rack-contrib (1.1.0) from /opt/rbenv/versions/2.0.0-p353/lib/ruby/gems/2.0.0/specifications/rack-contrib-1.1.0.gemspec
I, [2014-05-05T22:11:47.694901 #5825]  INFO -- : 0:  meta_request (0.2.8) from /opt/rbenv/versions/2.0.0-p353/lib/ruby/gems/2.0.0/specifications/meta_request-0.2.8.gemspec
I, [2014-05-05T22:11:47.696267 #5825]  INFO -- : 0:  metaclass (0.0.4) from /opt/rbenv/versions/2.0.0-p353/lib/ruby/gems/2.0.0/specifications/metaclass-0.0.4.gemspec
I, [2014-05-05T22:11:47.697489 #5825]  INFO -- : 0:  mocha (1.0.0) from /opt/rbenv/versions/2.0.0-p353/lib/ruby/gems/2.0.0/specifications/mocha-1.0.0.gemspec
I, [2014-05-05T22:11:54.996655 #5825]  INFO -- : 0:  nested_form (0.3.2) from /opt/rbenv/versions/2.0.0-p353/lib/ruby/gems/2.0.0/specifications/nested_form-0.3.2.gemspec
I, [2014-05-05T22:11:55.006515 #5825]  INFO -- : 0:  quiet_assets (1.0.2) from /opt/rbenv/versions/2.0.0-p353/lib/ruby/gems/2.0.0/specifications/quiet_assets-1.0.2.gemspec
I, [2014-05-05T22:11:55.007959 #5825]  INFO -- : 0:  rdoc (4.1.1) from /opt/rbenv/versions/2.0.0-p353/lib/ruby/gems/2.0.0/specifications/rdoc-4.1.1.gemspec
I, [2014-05-05T22:11:55.009290 #5825]  INFO -- : 0:  ref (1.0.5) from /opt/rbenv/versions/2.0.0-p353/lib/ruby/gems/2.0.0/specifications/ref-1.0.5.gemspec
I, [2014-05-05T22:11:55.010766 #5825]  INFO -- : 0:  sass-rails (4.0.1) from /opt/rbenv/versions/2.0.0-p353/lib/ruby/gems/2.0.0/specifications/sass-rails-4.0.1.gemspec
I, [2014-05-05T22:11:55.012133 #5825]  INFO -- : 0:  sdoc (0.4.0) from /opt/rbenv/versions/2.0.0-p353/lib/ruby/gems/2.0.0/specifications/sdoc-0.4.0.gemspec
I, [2014-05-05T22:11:55.013389 #5825]  INFO -- : 0:  shoulda-context (1.1.6) from /opt/rbenv/versions/2.0.0-p353/lib/ruby/gems/2.0.0/specifications/shoulda-context-1.1.6.gemspec
I, [2014-05-05T22:11:55.014742 #5825]  INFO -- : 0:  shoulda-matchers (2.5.0) from /opt/rbenv/versions/2.0.0-p353/lib/ruby/gems/2.0.0/specifications/shoulda-matchers-2.5.0.gemspec
I, [2014-05-05T22:11:55.015961 #5825]  INFO -- : 0:  shoulda (3.5.0) from /opt/rbenv/versions/2.0.0-p353/lib/ruby/gems/2.0.0/specifications/shoulda-3.5.0.gemspec
I, [2014-05-05T22:11:55.017195 #5825]  INFO -- : 0:  simple_form (3.0.1) from /opt/rbenv/versions/2.0.0-p353/lib/ruby/gems/2.0.0/specifications/simple_form-3.0.1.gemspec
I, [2014-05-05T22:11:55.018486 #5825]  INFO -- : 0:  simplecov-html (0.8.0) from /opt/rbenv/versions/2.0.0-p353/lib/ruby/gems/2.0.0/specifications/simplecov-html-0.8.0.gemspec
I, [2014-05-05T22:11:55.019684 #5825]  INFO -- : 0:  simplecov (0.8.2) from /opt/rbenv/versions/2.0.0-p353/lib/ruby/gems/2.0.0/specifications/simplecov-0.8.2.gemspec
I, [2014-05-05T22:11:55.020882 #5825]  INFO -- : 0:  single_test (0.6.0) from /opt/rbenv/versions/2.0.0-p353/lib/ruby/gems/2.0.0/specifications/single_test-0.6.0.gemspec
I, [2014-05-05T22:11:55.022536 #5825]  INFO -- : 0:  sqlite3 (1.3.9) from /opt/rbenv/versions/2.0.0-p353/lib/ruby/gems/2.0.0/specifications/sqlite3-1.3.9.gemspec
I, [2014-05-05T22:11:55.024368 #5825]  INFO -- : 0:  therubyracer (0.12.0) from /opt/rbenv/versions/2.0.0-p353/lib/ruby/gems/2.0.0/specifications/therubyracer-0.12.0.gemspec
I, [2014-05-05T22:11:55.026019 #5825]  INFO -- : 0:  thin (1.6.1) from /opt/rbenv/versions/2.0.0-p353/lib/ruby/gems/2.0.0/specifications/thin-1.6.1.gemspec
I, [2014-05-05T22:11:55.027709 #5825]  INFO -- : 0:  timeliness (0.3.7) from /opt/rbenv/versions/2.0.0-p353/lib/ruby/gems/2.0.0/specifications/timeliness-0.3.7.gemspec
I, [2014-05-05T22:11:55.029300 #5825]  INFO -- : 0:  turn (0.9.6) from /opt/rbenv/versions/2.0.0-p353/lib/ruby/gems/2.0.0/specifications/turn-0.9.6.gemspec
I, [2014-05-05T22:11:55.030783 #5825]  INFO -- : 0:  uglifier (2.4.0) from /opt/rbenv/versions/2.0.0-p353/lib/ruby/gems/2.0.0/specifications/uglifier-2.4.0.gemspec
I, [2014-05-05T22:11:55.032034 #5825]  INFO -- : 0:  validates_timeliness (3.0.14) from /opt/rbenv/versions/2.0.0-p353/lib/ruby/gems/2.0.0/specifications/validates_timeliness-3.0.14.gemspec
I, [2014-05-05T22:11:55.033453 #5825]  INFO -- : 0:  will_paginate (3.0.5) from /opt/rbenv/versions/2.0.0-p353/lib/ruby/gems/2.0.0/specifications/will_paginate-3.0.5.gemspec
I, [2014-05-05T22:11:55.034572 #5825]  INFO -- : 0:  wirble (0.1.3) from /opt/rbenv/versions/2.0.0-p353/lib/ruby/gems/2.0.0/specifications/wirble-0.1.3.gemspec
I, [2015-02-12T18:55:59.992090 #3588]  INFO -- : 0:  rake (10.1.1) from /opt/rbenv/versions/2.0.0-p353/lib/ruby/gems/2.0.0/specifications/rake-10.1.1.gemspec
I, [2015-02-12T18:55:59.997749 #3588]  INFO -- : 0:  i18n (0.6.9) from /opt/rbenv/versions/2.0.0-p353/lib/ruby/gems/2.0.0/specifications/i18n-0.6.9.gemspec
I, [2015-02-12T18:56:00.004359 #3588]  INFO -- : 0:  minitest (4.7.5) from /opt/rbenv/versions/2.0.0-p353/lib/ruby/gems/2.0.0/specifications/minitest-4.7.5.gemspec
I, [2015-02-12T18:56:00.008547 #3588]  INFO -- : 0:  multi_json (1.8.4) from /opt/rbenv/versions/2.0.0-p353/lib/ruby/gems/2.0.0/specifications/multi_json-1.8.4.gemspec
I, [2015-02-12T18:56:00.012056 #3588]  INFO -- : 0:  atomic (1.1.15) from /opt/rbenv/versions/2.0.0-p353/lib/ruby/gems/2.0.0/specifications/atomic-1.1.15.gemspec
I, [2015-02-12T18:56:00.016825 #3588]  INFO -- : 0:  thread_safe (0.2.0) from /opt/rbenv/versions/2.0.0-p353/lib/ruby/gems/2.0.0/specifications/thread_safe-0.2.0.gemspec
I, [2015-02-12T18:56:00.020304 #3588]  INFO -- : 0:  tzinfo (0.3.38) from /opt/rbenv/versions/2.0.0-p353/lib/ruby/gems/2.0.0/specifications/tzinfo-0.3.38.gemspec
I, [2015-02-12T18:56:00.024874 #3588]  INFO -- : 0:  activesupport (4.0.3) from /opt/rbenv/versions/2.0.0-p353/lib/ruby/gems/2.0.0/specifications/activesupport-4.0.3.gemspec
I, [2015-02-12T18:56:00.029442 #3588]  INFO -- : 0:  builder (3.1.4) from /opt/rbenv/versions/2.0.0-p353/lib/ruby/gems/2.0.0/specifications/builder-3.1.4.gemspec
I, [2015-02-12T18:56:00.036859 #3588]  INFO -- : 0:  erubis (2.7.0) from /opt/rbenv/versions/2.0.0-p353/lib/ruby/gems/2.0.0/specifications/erubis-2.7.0.gemspec
I, [2015-02-12T18:56:00.041926 #3588]  INFO -- : 0:  rack (1.5.2) from /opt/rbenv/versions/2.0.0-p353/lib/ruby/gems/2.0.0/specifications/rack-1.5.2.gemspec
I, [2015-02-12T18:56:00.045651 #3588]  INFO -- : 0:  rack-test (0.6.2) from /opt/rbenv/versions/2.0.0-p353/lib/ruby/gems/2.0.0/specifications/rack-test-0.6.2.gemspec
I, [2015-02-12T18:56:00.053102 #3588]  INFO -- : 0:  actionpack (4.0.3) from /opt/rbenv/versions/2.0.0-p353/lib/ruby/gems/2.0.0/specifications/actionpack-4.0.3.gemspec
I, [2015-02-12T18:56:00.059649 #3588]  INFO -- : 0:  mime-types (1.25.1) from /opt/rbenv/versions/2.0.0-p353/lib/ruby/gems/2.0.0/specifications/mime-types-1.25.1.gemspec
I, [2015-02-12T18:56:00.065957 #3588]  INFO -- : 0:  polyglot (0.3.4) from /opt/rbenv/versions/2.0.0-p353/lib/ruby/gems/2.0.0/specifications/polyglot-0.3.4.gemspec
I, [2015-02-12T18:56:00.071463 #3588]  INFO -- : 0:  treetop (1.4.15) from /opt/rbenv/versions/2.0.0-p353/lib/ruby/gems/2.0.0/specifications/treetop-1.4.15.gemspec
I, [2015-02-12T18:56:00.076087 #3588]  INFO -- : 0:  mail (2.5.4) from /opt/rbenv/versions/2.0.0-p353/lib/ruby/gems/2.0.0/specifications/mail-2.5.4.gemspec
I, [2015-02-12T18:56:00.079449 #3588]  INFO -- : 0:  actionmailer (4.0.3) from /opt/rbenv/versions/2.0.0-p353/lib/ruby/gems/2.0.0/specifications/actionmailer-4.0.3.gemspec
I, [2015-02-12T18:56:00.084002 #3588]  INFO -- : 0:  activemodel (4.0.3) from /opt/rbenv/versions/2.0.0-p353/lib/ruby/gems/2.0.0/specifications/activemodel-4.0.3.gemspec
I, [2015-02-12T18:56:00.087749 #3588]  INFO -- : 0:  activerecord-deprecated_finders (1.0.3) from /opt/rbenv/versions/2.0.0-p353/lib/ruby/gems/2.0.0/specifications/activerecord-deprecated_finders-1.0.3.gemspec
I, [2015-02-12T18:56:00.091523 #3588]  INFO -- : 0:  arel (4.0.2) from /opt/rbenv/versions/2.0.0-p353/lib/ruby/gems/2.0.0/specifications/arel-4.0.2.gemspec
I, [2015-02-12T18:56:00.096175 #3588]  INFO -- : 0:  activerecord (4.0.3) from /opt/rbenv/versions/2.0.0-p353/lib/ruby/gems/2.0.0/specifications/activerecord-4.0.3.gemspec
I, [2015-02-12T18:56:00.102510 #3588]  INFO -- : 0:  addressable (2.3.3) from /opt/rbenv/versions/2.0.0-p353/lib/ruby/gems/2.0.0/specifications/addressable-2.3.3.gemspec
I, [2015-02-12T18:56:00.108279 #3588]  INFO -- : 0:  ansi (1.4.3) from /opt/rbenv/versions/2.0.0-p353/lib/ruby/gems/2.0.0/specifications/ansi-1.4.3.gemspec
I, [2015-02-12T18:56:00.112478 #3588]  INFO -- : 0:  bcrypt (3.1.7) from /opt/rbenv/versions/2.0.0-p353/lib/ruby/gems/2.0.0/specifications/bcrypt-3.1.7.gemspec
I, [2015-02-12T18:56:00.117574 #3588]  INFO -- : 0:  bcrypt-ruby (3.1.5) from /opt/rbenv/versions/2.0.0-p353/lib/ruby/gems/2.0.0/specifications/bcrypt-ruby-3.1.5.gemspec
I, [2015-02-12T18:56:00.121273 #3588]  INFO -- : 0:  coderay (1.1.0) from /opt/rbenv/versions/2.0.0-p353/lib/ruby/gems/2.0.0/specifications/coderay-1.1.0.gemspec
I, [2015-02-12T18:56:00.125933 #3588]  INFO -- : 0:  better_errors (1.1.0) from /opt/rbenv/versions/2.0.0-p353/lib/ruby/gems/2.0.0/specifications/better_errors-1.1.0.gemspec
I, [2015-02-12T18:56:00.129743 #3588]  INFO -- : 0:  debug_inspector (0.0.2) from /opt/rbenv/versions/2.0.0-p353/lib/ruby/gems/2.0.0/specifications/debug_inspector-0.0.2.gemspec
I, [2015-02-12T18:56:00.134518 #3588]  INFO -- : 0:  binding_of_caller (0.7.2) from /opt/rbenv/versions/2.0.0-p353/lib/ruby/gems/2.0.0/specifications/binding_of_caller-0.7.2.gemspec
I, [2015-02-12T18:56:00.140701 #3588]  INFO -- : 0:  callsite (0.0.11) from /opt/rbenv/versions/2.0.0-p353/lib/ruby/gems/2.0.0/specifications/callsite-0.0.11.gemspec
I, [2015-02-12T18:56:00.145939 #3588]  INFO -- : 0:  cancancan (1.7.0) from /opt/rbenv/versions/2.0.0-p353/lib/ruby/gems/2.0.0/specifications/cancancan-1.7.0.gemspec
I, [2015-02-12T18:56:00.150387 #3588]  INFO -- : 0:  mini_portile (0.5.2) from /opt/rbenv/versions/2.0.0-p353/lib/ruby/gems/2.0.0/specifications/mini_portile-0.5.2.gemspec
I, [2015-02-12T18:56:00.154882 #3588]  INFO -- : 0:  nokogiri (1.6.1) from /opt/rbenv/versions/2.0.0-p353/lib/ruby/gems/2.0.0/specifications/nokogiri-1.6.1.gemspec
I, [2015-02-12T18:56:00.159230 #3588]  INFO -- : 0:  xpath (2.0.0) from /opt/rbenv/versions/2.0.0-p353/lib/ruby/gems/2.0.0/specifications/xpath-2.0.0.gemspec
I, [2015-02-12T18:56:00.163855 #3588]  INFO -- : 0:  capybara (2.2.1) from /opt/rbenv/versions/2.0.0-p353/lib/ruby/gems/2.0.0/specifications/capybara-2.2.1.gemspec
I, [2015-02-12T18:56:00.168769 #3588]  INFO -- : 0:  json (1.8.1) from /opt/rbenv/versions/2.0.0-p353/lib/ruby/gems/2.0.0/specifications/json-1.8.1.gemspec
I, [2015-02-12T18:56:00.174540 #3588]  INFO -- : 0:  carrierwave (0.10.0) from /opt/rbenv/versions/2.0.0-p353/lib/ruby/gems/2.0.0/specifications/carrierwave-0.10.0.gemspec
I, [2015-02-12T18:56:00.179117 #3588]  INFO -- : 0:  coffee-script-source (1.7.0) from /opt/rbenv/versions/2.0.0-p353/lib/ruby/gems/2.0.0/specifications/coffee-script-source-1.7.0.gemspec
I, [2015-02-12T18:56:00.186356 #3588]  INFO -- : 0:  execjs (2.0.2) from /opt/rbenv/versions/2.0.0-p353/lib/ruby/gems/2.0.0/specifications/execjs-2.0.2.gemspec
I, [2015-02-12T18:56:00.191308 #3588]  INFO -- : 0:  coffee-script (2.2.0) from /opt/rbenv/versions/2.0.0-p353/lib/ruby/gems/2.0.0/specifications/coffee-script-2.2.0.gemspec
I, [2015-02-12T18:56:00.194599 #3588]  INFO -- : 0:  thor (0.18.1) from /opt/rbenv/versions/2.0.0-p353/lib/ruby/gems/2.0.0/specifications/thor-0.18.1.gemspec
I, [2015-02-12T18:56:00.200272 #3588]  INFO -- : 0:  railties (4.0.3) from /opt/rbenv/versions/2.0.0-p353/lib/ruby/gems/2.0.0/specifications/railties-4.0.3.gemspec
I, [2015-02-12T18:56:00.204785 #3588]  INFO -- : 0:  coffee-rails (4.0.1) from /opt/rbenv/versions/2.0.0-p353/lib/ruby/gems/2.0.0/specifications/coffee-rails-4.0.1.gemspec
I, [2015-02-12T18:56:00.209956 #3588]  INFO -- : 0:  diff-lcs (1.2.5) from /opt/rbenv/versions/2.0.0-p353/lib/ruby/gems/2.0.0/specifications/diff-lcs-1.2.5.gemspec
I, [2015-02-12T18:56:00.214182 #3588]  INFO -- : 0:  gherkin (2.12.2) from /opt/rbenv/versions/2.0.0-p353/lib/ruby/gems/2.0.0/specifications/gherkin-2.12.2.gemspec
I, [2015-02-12T18:56:00.218773 #3588]  INFO -- : 0:  multi_test (0.0.3) from /opt/rbenv/versions/2.0.0-p353/lib/ruby/gems/2.0.0/specifications/multi_test-0.0.3.gemspec
I, [2015-02-12T18:56:00.223302 #3588]  INFO -- : 0:  cucumber (1.3.10) from /opt/rbenv/versions/2.0.0-p353/lib/ruby/gems/2.0.0/specifications/cucumber-1.3.10.gemspec
I, [2015-02-12T18:56:00.226742 #3588]  INFO -- : 0:  bundler (1.5.1) from /opt/rbenv/versions/2.0.0-p353/lib/ruby/gems/2.0.0/specifications/bundler-1.5.1.gemspec
I, [2015-02-12T18:56:00.232489 #3588]  INFO -- : 0:  hike (1.2.3) from /opt/rbenv/versions/2.0.0-p353/lib/ruby/gems/2.0.0/specifications/hike-1.2.3.gemspec
I, [2015-02-12T18:56:00.237064 #3588]  INFO -- : 0:  tilt (1.4.1) from /opt/rbenv/versions/2.0.0-p353/lib/ruby/gems/2.0.0/specifications/tilt-1.4.1.gemspec
I, [2015-02-12T18:56:00.260078 #3588]  INFO -- : 0:  sprockets (2.11.0) from /opt/rbenv/versions/2.0.0-p353/lib/ruby/gems/2.0.0/specifications/sprockets-2.11.0.gemspec
I, [2015-02-12T18:56:00.268268 #3588]  INFO -- : 0:  sprockets-rails (2.0.1) from /opt/rbenv/versions/2.0.0-p353/lib/ruby/gems/2.0.0/specifications/sprockets-rails-2.0.1.gemspec
I, [2015-02-12T18:56:00.272934 #3588]  INFO -- : 0:  rails (4.0.3) from /opt/rbenv/versions/2.0.0-p353/lib/ruby/gems/2.0.0/specifications/rails-4.0.3.gemspec
I, [2015-02-12T18:56:00.282765 #3588]  INFO -- : 0:  cucumber-rails (1.4.0) from /opt/rbenv/versions/2.0.0-p353/lib/ruby/gems/2.0.0/specifications/cucumber-rails-1.4.0.gemspec
I, [2015-02-12T18:56:00.287146 #3588]  INFO -- : 0:  daemons (1.1.9) from /opt/rbenv/versions/2.0.0-p353/lib/ruby/gems/2.0.0/specifications/daemons-1.1.9.gemspec
I, [2015-02-12T18:56:00.292462 #3588]  INFO -- : 0:  database_cleaner (1.2.0) from /opt/rbenv/versions/2.0.0-p353/lib/ruby/gems/2.0.0/specifications/database_cleaner-1.2.0.gemspec
I, [2015-02-12T18:56:00.298302 #3588]  INFO -- : 0:  docile (1.1.3) from /opt/rbenv/versions/2.0.0-p353/lib/ruby/gems/2.0.0/specifications/docile-1.1.3.gemspec
I, [2015-02-12T18:56:00.302540 #3588]  INFO -- : 0:  eventmachine (1.0.3) from /opt/rbenv/versions/2.0.0-p353/lib/ruby/gems/2.0.0/specifications/eventmachine-1.0.3.gemspec
I, [2015-02-12T18:56:00.306632 #3588]  INFO -- : 0:  factory_girl (4.4.0) from /opt/rbenv/versions/2.0.0-p353/lib/ruby/gems/2.0.0/specifications/factory_girl-4.4.0.gemspec
I, [2015-02-12T18:56:00.312454 #3588]  INFO -- : 0:  factory_girl_rails (4.4.1) from /opt/rbenv/versions/2.0.0-p353/lib/ruby/gems/2.0.0/specifications/factory_girl_rails-4.4.1.gemspec
I, [2015-02-12T18:56:00.317898 #3588]  INFO -- : 0:  faker (1.2.0) from /opt/rbenv/versions/2.0.0-p353/lib/ruby/gems/2.0.0/specifications/faker-1.2.0.gemspec
I, [2015-02-12T18:56:00.321929 #3588]  INFO -- : 0:  sass (3.2.14) from /opt/rbenv/versions/2.0.0-p353/lib/ruby/gems/2.0.0/specifications/sass-3.2.14.gemspec
I, [2015-02-12T18:56:00.326181 #3588]  INFO -- : 0:  foundation-rails (5.1.1.0) from /opt/rbenv/versions/2.0.0-p353/lib/ruby/gems/2.0.0/specifications/foundation-rails-5.1.1.0.gemspec
I, [2015-02-12T18:56:00.332338 #3588]  INFO -- : 0:  geocoder (1.1.9) from /opt/rbenv/versions/2.0.0-p353/lib/ruby/gems/2.0.0/specifications/geocoder-1.1.9.gemspec
I, [2015-02-12T18:56:00.336376 #3588]  INFO -- : 0:  hirb (0.7.1) from /opt/rbenv/versions/2.0.0-p353/lib/ruby/gems/2.0.0/specifications/hirb-0.7.1.gemspec
I, [2015-02-12T18:56:00.340461 #3588]  INFO -- : 0:  jbuilder (1.5.3) from /opt/rbenv/versions/2.0.0-p353/lib/ruby/gems/2.0.0/specifications/jbuilder-1.5.3.gemspec
I, [2015-02-12T18:56:00.343982 #3588]  INFO -- : 0:  jquery-rails (3.1.0) from /opt/rbenv/versions/2.0.0-p353/lib/ruby/gems/2.0.0/specifications/jquery-rails-3.1.0.gemspec
I, [2015-02-12T18:56:00.347889 #3588]  INFO -- : 0:  launchy (2.2.0) from /opt/rbenv/versions/2.0.0-p353/lib/ruby/gems/2.0.0/specifications/launchy-2.2.0.gemspec
I, [2015-02-12T18:56:00.351714 #3588]  INFO -- : 0:  libv8 (3.16.14.3) from /opt/rbenv/versions/2.0.0-p353/lib/ruby/gems/2.0.0/specifications/libv8-3.16.14.3.gemspec
I, [2015-02-12T18:56:00.356321 #3588]  INFO -- : 0:  rack-contrib (1.1.0) from /opt/rbenv/versions/2.0.0-p353/lib/ruby/gems/2.0.0/specifications/rack-contrib-1.1.0.gemspec
I, [2015-02-12T18:56:00.361859 #3588]  INFO -- : 0:  meta_request (0.2.8) from /opt/rbenv/versions/2.0.0-p353/lib/ruby/gems/2.0.0/specifications/meta_request-0.2.8.gemspec
I, [2015-02-12T18:56:00.368026 #3588]  INFO -- : 0:  metaclass (0.0.4) from /opt/rbenv/versions/2.0.0-p353/lib/ruby/gems/2.0.0/specifications/metaclass-0.0.4.gemspec
I, [2015-02-12T18:56:00.372058 #3588]  INFO -- : 0:  mocha (1.0.0) from /opt/rbenv/versions/2.0.0-p353/lib/ruby/gems/2.0.0/specifications/mocha-1.0.0.gemspec
I, [2015-02-12T18:56:00.375841 #3588]  INFO -- : 0:  nested_form (0.3.2) from /opt/rbenv/versions/2.0.0-p353/lib/ruby/gems/2.0.0/specifications/nested_form-0.3.2.gemspec
I, [2015-02-12T18:56:00.379964 #3588]  INFO -- : 0:  quiet_assets (1.0.2) from /opt/rbenv/versions/2.0.0-p353/lib/ruby/gems/2.0.0/specifications/quiet_assets-1.0.2.gemspec
I, [2015-02-12T18:56:00.385109 #3588]  INFO -- : 0:  rdoc (4.1.1) from /opt/rbenv/versions/2.0.0-p353/lib/ruby/gems/2.0.0/specifications/rdoc-4.1.1.gemspec
I, [2015-02-12T18:56:00.390565 #3588]  INFO -- : 0:  ref (1.0.5) from /opt/rbenv/versions/2.0.0-p353/lib/ruby/gems/2.0.0/specifications/ref-1.0.5.gemspec
I, [2015-02-12T18:56:00.394421 #3588]  INFO -- : 0:  sass-rails (4.0.1) from /opt/rbenv/versions/2.0.0-p353/lib/ruby/gems/2.0.0/specifications/sass-rails-4.0.1.gemspec
I, [2015-02-12T18:56:00.399116 #3588]  INFO -- : 0:  sdoc (0.4.0) from /opt/rbenv/versions/2.0.0-p353/lib/ruby/gems/2.0.0/specifications/sdoc-0.4.0.gemspec
I, [2015-02-12T18:56:00.404349 #3588]  INFO -- : 0:  shoulda-context (1.1.6) from /opt/rbenv/versions/2.0.0-p353/lib/ruby/gems/2.0.0/specifications/shoulda-context-1.1.6.gemspec
I, [2015-02-12T18:56:00.409013 #3588]  INFO -- : 0:  shoulda-matchers (2.5.0) from /opt/rbenv/versions/2.0.0-p353/lib/ruby/gems/2.0.0/specifications/shoulda-matchers-2.5.0.gemspec
I, [2015-02-12T18:56:00.414041 #3588]  INFO -- : 0:  shoulda (3.5.0) from /opt/rbenv/versions/2.0.0-p353/lib/ruby/gems/2.0.0/specifications/shoulda-3.5.0.gemspec
I, [2015-02-12T18:56:00.418615 #3588]  INFO -- : 0:  simple_form (3.0.1) from /opt/rbenv/versions/2.0.0-p353/lib/ruby/gems/2.0.0/specifications/simple_form-3.0.1.gemspec
I, [2015-02-12T18:56:00.423903 #3588]  INFO -- : 0:  simplecov-html (0.8.0) from /opt/rbenv/versions/2.0.0-p353/lib/ruby/gems/2.0.0/specifications/simplecov-html-0.8.0.gemspec
I, [2015-02-12T18:56:00.427967 #3588]  INFO -- : 0:  simplecov (0.8.2) from /opt/rbenv/versions/2.0.0-p353/lib/ruby/gems/2.0.0/specifications/simplecov-0.8.2.gemspec
I, [2015-02-12T18:56:00.431905 #3588]  INFO -- : 0:  single_test (0.6.0) from /opt/rbenv/versions/2.0.0-p353/lib/ruby/gems/2.0.0/specifications/single_test-0.6.0.gemspec
I, [2015-02-12T18:56:00.436510 #3588]  INFO -- : 0:  sqlite3 (1.3.9) from /opt/rbenv/versions/2.0.0-p353/lib/ruby/gems/2.0.0/specifications/sqlite3-1.3.9.gemspec
I, [2015-02-12T18:56:00.441373 #3588]  INFO -- : 0:  therubyracer (0.12.0) from /opt/rbenv/versions/2.0.0-p353/lib/ruby/gems/2.0.0/specifications/therubyracer-0.12.0.gemspec
I, [2015-02-12T18:56:00.445579 #3588]  INFO -- : 0:  thin (1.6.1) from /opt/rbenv/versions/2.0.0-p353/lib/ruby/gems/2.0.0/specifications/thin-1.6.1.gemspec
I, [2015-02-12T18:56:00.450813 #3588]  INFO -- : 0:  timeliness (0.3.7) from /opt/rbenv/versions/2.0.0-p353/lib/ruby/gems/2.0.0/specifications/timeliness-0.3.7.gemspec
I, [2015-02-12T18:56:00.455644 #3588]  INFO -- : 0:  turn (0.9.6) from /opt/rbenv/versions/2.0.0-p353/lib/ruby/gems/2.0.0/specifications/turn-0.9.6.gemspec
I, [2015-02-12T18:56:00.459752 #3588]  INFO -- : 0:  uglifier (2.4.0) from /opt/rbenv/versions/2.0.0-p353/lib/ruby/gems/2.0.0/specifications/uglifier-2.4.0.gemspec
I, [2015-02-12T18:56:00.464811 #3588]  INFO -- : 0:  validates_timeliness (3.0.14) from /opt/rbenv/versions/2.0.0-p353/lib/ruby/gems/2.0.0/specifications/validates_timeliness-3.0.14.gemspec
I, [2015-02-12T18:56:00.468535 #3588]  INFO -- : 0:  will_paginate (3.0.5) from /opt/rbenv/versions/2.0.0-p353/lib/ruby/gems/2.0.0/specifications/will_paginate-3.0.5.gemspec
I, [2015-02-12T18:56:00.472558 #3588]  INFO -- : 0:  wirble (0.1.3) from /opt/rbenv/versions/2.0.0-p353/lib/ruby/gems/2.0.0/specifications/wirble-0.1.3.gemspec
